  [1m[36m (3.9ms)[0m  [1mCREATE TABLE "schema_migrations" ("version" varchar NOT NULL) [0m
  [1m[35m (0.1ms)[0m  select sqlite_version(*)
  [1m[36m (3.8ms)[0m  [1mCREATE UNIQUE INDEX "unique_schema_migrations" ON "schema_migrations" ("version")[0m
  [1m[35mActiveRecord::SchemaMigration Load (0.1ms)[0m  SELECT "schema_migrations".* FROM "schema_migrations"
Migrating to CreateMovies (20111119180638)
  [1m[36m (0.0ms)[0m  [1mbegin transaction[0m
DEPRECATION WARNING: `#timestamps` was called without specifying an option for `null`. In Rails 5, this behavior will change to `null: false`. You should manually specify `null: true` to prevent the behavior of your existing migrations from changing. (called from block in up at /home/ec2-user/environment/hw-acceptance-unit-test-cycle/rottenpotatoes/db/migrate/20111119180638_create_movies.rb:10)
  [1m[35m (0.2ms)[0m  CREATE TABLE "movies" ("id" INTEGER PRIMARY KEY AUTOINCREMENT NOT NULL, "title" varchar, "rating" varchar, "description" text, "release_date" datetime, "created_at" datetime, "updated_at" datetime) 
  [1m[36mSQL (0.1ms)[0m  [1mINSERT INTO "schema_migrations" ("version") VALUES (?)[0m  [["version", "20111119180638"]]
  [1m[35m (4.7ms)[0m  commit transaction
  [1m[36mActiveRecord::SchemaMigration Load (0.1ms)[0m  [1mSELECT "schema_migrations".* FROM "schema_migrations"[0m
  [1m[36m (4.0ms)[0m  [1mCREATE TABLE "movies" ("id" INTEGER PRIMARY KEY AUTOINCREMENT NOT NULL, "title" varchar, "rating" varchar, "description" text, "release_date" datetime, "created_at" datetime, "updated_at" datetime) [0m
  [1m[35m (4.9ms)[0m  CREATE TABLE "schema_migrations" ("version" varchar NOT NULL) 
  [1m[36m (0.1ms)[0m  [1mselect sqlite_version(*)[0m
  [1m[35m (4.0ms)[0m  CREATE UNIQUE INDEX "unique_schema_migrations" ON "schema_migrations" ("version")
  [1m[36m (0.1ms)[0m  [1mSELECT version FROM "schema_migrations"[0m
  [1m[35m (3.9ms)[0m  INSERT INTO "schema_migrations" (version) VALUES ('20111119180638')


Started GET "/" for 165.91.12.85 at 2019-02-22 18:23:05 +0000


Started GET "/movies" for 165.91.12.85 at 2019-02-22 18:23:05 +0000
Processing by MoviesController#index as HTML
  [1m[36mMovie Load (0.1ms)[0m  [1mSELECT "movies".* FROM "movies" WHERE "movies"."rating" IN ('G', 'PG', 'PG-13', 'NC-17', 'R')[0m
  Rendered movies/index.html.haml within layouts/application (9.1ms)
Completed 200 OK in 338ms (Views: 307.7ms | ActiveRecord: 1.2ms)


Started GET "/assets/application.self-ac4347b135ab8935f2dd20089f2acc8bec1d6b2ad528a80fcb03cd445dbd4d27.js?body=1" for 165.91.12.85 at 2019-02-22 18:23:06 +0000


Started GET "/assets/jquery_ujs.self-e87806d0cf4489aeb1bb7288016024e8de67fd18db693fe026fe3907581e53cd.js?body=1" for 165.91.12.85 at 2019-02-22 18:23:06 +0000


Started GET "/assets/jquery.self-660adc51e0224b731d29f575a6f1ec167ba08ad06ed5deca4f1e8654c135bf4c.js?body=1" for 165.91.12.85 at 2019-02-22 18:23:06 +0000


Started GET "/assets/application.self-6f9b50b1298248f9ffdfe129ec4b3e377026ffe33aae3e37ecbf3da21d69be77.css?body=1" for 165.91.12.85 at 2019-02-22 18:23:06 +0000


Started GET "/movies?utf8=%E2%9C%93&ratings%5BG%5D=1&ratings%5BPG%5D=1&ratings%5BPG-13%5D=1&ratings%5BNC-17%5D=1&ratings%5BR%5D=1&commit=Refresh" for 165.91.12.85 at 2019-02-22 18:23:10 +0000
Processing by MoviesController#index as HTML
  Parameters: {"utf8"=>"✓", "ratings"=>{"G"=>"1", "PG"=>"1", "PG-13"=>"1", "NC-17"=>"1", "R"=>"1"}, "commit"=>"Refresh"}
Redirected to https://a1febbcd4b3a4a17b1bf764ba52ac3d3.vfs.cloud9.us-east-2.amazonaws.com/movies?ratings%5BG%5D=1&ratings%5BNC-17%5D=1&ratings%5BPG%5D=1&ratings%5BPG-13%5D=1&ratings%5BR%5D=1
Completed 302 Found in 1ms (ActiveRecord: 0.0ms)


Started GET "/movies?ratings%5BG%5D=1&ratings%5BNC-17%5D=1&ratings%5BPG%5D=1&ratings%5BPG-13%5D=1&ratings%5BR%5D=1" for 165.91.12.85 at 2019-02-22 18:23:10 +0000
Processing by MoviesController#index as HTML
  Parameters: {"ratings"=>{"G"=>"1", "NC-17"=>"1", "PG"=>"1", "PG-13"=>"1", "R"=>"1"}}
  [1m[35mMovie Load (0.1ms)[0m  SELECT "movies".* FROM "movies" WHERE "movies"."rating" IN ('G', 'NC-17', 'PG', 'PG-13', 'R')
  Rendered movies/index.html.haml within layouts/application (1.8ms)
Completed 200 OK in 9ms (Views: 8.3ms | ActiveRecord: 0.1ms)


Started GET "/movies?utf8=%E2%9C%93&ratings%5BG%5D=1&ratings%5BPG%5D=1&ratings%5BPG-13%5D=1&ratings%5BNC-17%5D=1&commit=Refresh" for 165.91.12.85 at 2019-02-22 18:23:11 +0000
Processing by MoviesController#index as HTML
  Parameters: {"utf8"=>"✓", "ratings"=>{"G"=>"1", "PG"=>"1", "PG-13"=>"1", "NC-17"=>"1"}, "commit"=>"Refresh"}
Redirected to https://a1febbcd4b3a4a17b1bf764ba52ac3d3.vfs.cloud9.us-east-2.amazonaws.com/movies?ratings%5BG%5D=1&ratings%5BNC-17%5D=1&ratings%5BPG%5D=1&ratings%5BPG-13%5D=1
Completed 302 Found in 1ms (ActiveRecord: 0.0ms)


Started GET "/movies?ratings%5BG%5D=1&ratings%5BNC-17%5D=1&ratings%5BPG%5D=1&ratings%5BPG-13%5D=1" for 165.91.12.85 at 2019-02-22 18:23:11 +0000
Processing by MoviesController#index as HTML
  Parameters: {"ratings"=>{"G"=>"1", "NC-17"=>"1", "PG"=>"1", "PG-13"=>"1"}}
  [1m[36mMovie Load (0.1ms)[0m  [1mSELECT "movies".* FROM "movies" WHERE "movies"."rating" IN ('G', 'NC-17', 'PG', 'PG-13')[0m
  Rendered movies/index.html.haml within layouts/application (1.8ms)
Completed 200 OK in 9ms (Views: 8.4ms | ActiveRecord: 0.1ms)


Started GET "/movies?utf8=%E2%9C%93&ratings%5BG%5D=1&ratings%5BPG%5D=1&ratings%5BPG-13%5D=1&ratings%5BNC-17%5D=1&ratings%5BR%5D=1&commit=Refresh" for 165.91.12.85 at 2019-02-22 18:23:12 +0000
Processing by MoviesController#index as HTML
  Parameters: {"utf8"=>"✓", "ratings"=>{"G"=>"1", "PG"=>"1", "PG-13"=>"1", "NC-17"=>"1", "R"=>"1"}, "commit"=>"Refresh"}
Redirected to https://a1febbcd4b3a4a17b1bf764ba52ac3d3.vfs.cloud9.us-east-2.amazonaws.com/movies?ratings%5BG%5D=1&ratings%5BNC-17%5D=1&ratings%5BPG%5D=1&ratings%5BPG-13%5D=1&ratings%5BR%5D=1
Completed 302 Found in 1ms (ActiveRecord: 0.0ms)


Started GET "/movies?ratings%5BG%5D=1&ratings%5BNC-17%5D=1&ratings%5BPG%5D=1&ratings%5BPG-13%5D=1&ratings%5BR%5D=1" for 165.91.12.85 at 2019-02-22 18:23:12 +0000
Processing by MoviesController#index as HTML
  Parameters: {"ratings"=>{"G"=>"1", "NC-17"=>"1", "PG"=>"1", "PG-13"=>"1", "R"=>"1"}}
  [1m[35mMovie Load (0.1ms)[0m  SELECT "movies".* FROM "movies" WHERE "movies"."rating" IN ('G', 'NC-17', 'PG', 'PG-13', 'R')
  Rendered movies/index.html.haml within layouts/application (1.8ms)
Completed 200 OK in 9ms (Views: 8.3ms | ActiveRecord: 0.1ms)


Started GET "/movies?ratings%5BG%5D=1&ratings%5BNC-17%5D=1&ratings%5BPG%5D=1&ratings%5BPG-13%5D=1&ratings%5BR%5D=1&sort=release_date" for 165.91.12.85 at 2019-02-22 18:23:13 +0000
Processing by MoviesController#index as HTML
  Parameters: {"ratings"=>{"G"=>"1", "NC-17"=>"1", "PG"=>"1", "PG-13"=>"1", "R"=>"1"}, "sort"=>"release_date"}
Redirected to https://a1febbcd4b3a4a17b1bf764ba52ac3d3.vfs.cloud9.us-east-2.amazonaws.com/movies?ratings%5BG%5D=1&ratings%5BNC-17%5D=1&ratings%5BPG%5D=1&ratings%5BPG-13%5D=1&ratings%5BR%5D=1&sort=release_date
Completed 302 Found in 1ms (ActiveRecord: 0.0ms)


Started GET "/movies?ratings%5BG%5D=1&ratings%5BNC-17%5D=1&ratings%5BPG%5D=1&ratings%5BPG-13%5D=1&ratings%5BR%5D=1&sort=release_date" for 165.91.12.85 at 2019-02-22 18:23:13 +0000
Processing by MoviesController#index as HTML
  Parameters: {"ratings"=>{"G"=>"1", "NC-17"=>"1", "PG"=>"1", "PG-13"=>"1", "R"=>"1"}, "sort"=>"release_date"}
  [1m[36mMovie Load (0.2ms)[0m  [1mSELECT "movies".* FROM "movies" WHERE "movies"."rating" IN ('G', 'NC-17', 'PG', 'PG-13', 'R')  ORDER BY "movies"."release_date" ASC[0m
  Rendered movies/index.html.haml within layouts/application (2.0ms)
Completed 200 OK in 9ms (Views: 8.7ms | ActiveRecord: 0.2ms)


Started GET "/movies?ratings%5BG%5D=1&ratings%5BNC-17%5D=1&ratings%5BPG%5D=1&ratings%5BPG-13%5D=1&ratings%5BR%5D=1&sort=title" for 165.91.12.85 at 2019-02-22 18:23:14 +0000
Processing by MoviesController#index as HTML
  Parameters: {"ratings"=>{"G"=>"1", "NC-17"=>"1", "PG"=>"1", "PG-13"=>"1", "R"=>"1"}, "sort"=>"title"}
Redirected to https://a1febbcd4b3a4a17b1bf764ba52ac3d3.vfs.cloud9.us-east-2.amazonaws.com/movies?ratings%5BG%5D=1&ratings%5BNC-17%5D=1&ratings%5BPG%5D=1&ratings%5BPG-13%5D=1&ratings%5BR%5D=1&sort=title
Completed 302 Found in 1ms (ActiveRecord: 0.0ms)


Started GET "/movies?ratings%5BG%5D=1&ratings%5BNC-17%5D=1&ratings%5BPG%5D=1&ratings%5BPG-13%5D=1&ratings%5BR%5D=1&sort=title" for 165.91.12.85 at 2019-02-22 18:23:14 +0000
Processing by MoviesController#index as HTML
  Parameters: {"ratings"=>{"G"=>"1", "NC-17"=>"1", "PG"=>"1", "PG-13"=>"1", "R"=>"1"}, "sort"=>"title"}
  [1m[35mMovie Load (0.2ms)[0m  SELECT "movies".* FROM "movies" WHERE "movies"."rating" IN ('G', 'NC-17', 'PG', 'PG-13', 'R')  ORDER BY "movies"."title" ASC
  Rendered movies/index.html.haml within layouts/application (2.0ms)
Completed 200 OK in 9ms (Views: 8.5ms | ActiveRecord: 0.2ms)


Started GET "/movies/new" for 165.91.12.85 at 2019-02-22 18:23:14 +0000
Processing by MoviesController#new as HTML
  Rendered movies/new.html.haml within layouts/application (8.7ms)
Completed 200 OK in 16ms (Views: 16.2ms | ActiveRecord: 0.0ms)
  [1m[36mActiveRecord::SchemaMigration Load (0.1ms)[0m  [1mSELECT "schema_migrations".* FROM "schema_migrations"[0m
  [1m[35mActiveRecord::SchemaMigration Load (0.1ms)[0m  SELECT "schema_migrations".* FROM "schema_migrations"
  [1m[36m (4.6ms)[0m  [1mCREATE TABLE "movies" ("id" INTEGER PRIMARY KEY AUTOINCREMENT NOT NULL, "title" varchar, "rating" varchar, "description" text, "release_date" datetime, "created_at" datetime, "updated_at" datetime) [0m
  [1m[35m (4.3ms)[0m  CREATE TABLE "schema_migrations" ("version" varchar NOT NULL) 
  [1m[36m (0.1ms)[0m  [1mselect sqlite_version(*)[0m
  [1m[35m (3.8ms)[0m  CREATE UNIQUE INDEX "unique_schema_migrations" ON "schema_migrations" ("version")
  [1m[36m (0.1ms)[0m  [1mSELECT version FROM "schema_migrations"[0m
  [1m[35m (4.0ms)[0m  INSERT INTO "schema_migrations" (version) VALUES ('20111119180638')


Started GET "/" for 165.91.13.49 at 2019-02-26 18:50:17 +0000


Started GET "/movies" for 165.91.13.49 at 2019-02-26 18:50:17 +0000
Processing by MoviesController#index as HTML
  [1m[36mMovie Load (0.1ms)[0m  [1mSELECT "movies".* FROM "movies" WHERE "movies"."rating" IN ('G', 'PG', 'PG-13', 'NC-17', 'R')[0m
  Rendered movies/index.html.haml within layouts/application (9.3ms)
Completed 200 OK in 210ms (Views: 184.4ms | ActiveRecord: 1.2ms)


Started GET "/assets/jquery.self-660adc51e0224b731d29f575a6f1ec167ba08ad06ed5deca4f1e8654c135bf4c.js?body=1" for 165.91.13.49 at 2019-02-26 18:50:17 +0000


Started GET "/assets/jquery_ujs.self-e87806d0cf4489aeb1bb7288016024e8de67fd18db693fe026fe3907581e53cd.js?body=1" for 165.91.13.49 at 2019-02-26 18:50:17 +0000


Started GET "/movies?utf8=%E2%9C%93&ratings%5BG%5D=1&ratings%5BPG%5D=1&ratings%5BPG-13%5D=1&ratings%5BNC-17%5D=1&ratings%5BR%5D=1&commit=Refresh" for 165.91.13.49 at 2019-02-26 18:50:19 +0000
Processing by MoviesController#index as HTML
  Parameters: {"utf8"=>"✓", "ratings"=>{"G"=>"1", "PG"=>"1", "PG-13"=>"1", "NC-17"=>"1", "R"=>"1"}, "commit"=>"Refresh"}
Redirected to https://a1febbcd4b3a4a17b1bf764ba52ac3d3.vfs.cloud9.us-east-2.amazonaws.com/movies?ratings%5BG%5D=1&ratings%5BNC-17%5D=1&ratings%5BPG%5D=1&ratings%5BPG-13%5D=1&ratings%5BR%5D=1
Completed 302 Found in 1ms (ActiveRecord: 0.0ms)


Started GET "/movies?ratings%5BG%5D=1&ratings%5BNC-17%5D=1&ratings%5BPG%5D=1&ratings%5BPG-13%5D=1&ratings%5BR%5D=1" for 165.91.13.49 at 2019-02-26 18:50:19 +0000
Processing by MoviesController#index as HTML
  Parameters: {"ratings"=>{"G"=>"1", "NC-17"=>"1", "PG"=>"1", "PG-13"=>"1", "R"=>"1"}}
  [1m[35mMovie Load (0.2ms)[0m  SELECT "movies".* FROM "movies" WHERE "movies"."rating" IN ('G', 'NC-17', 'PG', 'PG-13', 'R')
  Rendered movies/index.html.haml within layouts/application (1.9ms)
Completed 200 OK in 9ms (Views: 8.5ms | ActiveRecord: 0.2ms)


Started GET "/movies/new" for 165.91.13.49 at 2019-02-26 18:50:20 +0000
Processing by MoviesController#new as HTML
  Rendered movies/new.html.haml within layouts/application (16.5ms)
Completed 200 OK in 24ms (Views: 24.2ms | ActiveRecord: 0.0ms)
  [1m[36mActiveRecord::SchemaMigration Load (0.1ms)[0m  [1mSELECT "schema_migrations".* FROM "schema_migrations"[0m
Migrating to AddDirectorToMovies (20190226194617)
  [1m[35m (0.1ms)[0m  begin transaction
  [1m[36m (0.5ms)[0m  [1mALTER TABLE "movies" ADD "director" varchar[0m
  [1m[35mSQL (0.1ms)[0m  INSERT INTO "schema_migrations" ("version") VALUES (?)  [["version", "20190226194617"]]
  [1m[36m (5.5ms)[0m  [1mcommit transaction[0m
  [1m[35mActiveRecord::SchemaMigration Load (0.1ms)[0m  SELECT "schema_migrations".* FROM "schema_migrations"
  [1m[36m (4.5ms)[0m  [1mCREATE TABLE "movies" ("id" INTEGER PRIMARY KEY AUTOINCREMENT NOT NULL, "title" varchar, "rating" varchar, "description" text, "release_date" datetime, "created_at" datetime, "updated_at" datetime, "director" varchar) [0m
  [1m[35m (5.1ms)[0m  CREATE TABLE "schema_migrations" ("version" varchar NOT NULL) 
  [1m[36m (0.1ms)[0m  [1mselect sqlite_version(*)[0m
  [1m[35m (5.1ms)[0m  CREATE UNIQUE INDEX "unique_schema_migrations" ON "schema_migrations" ("version")
  [1m[36m (0.1ms)[0m  [1mSELECT version FROM "schema_migrations"[0m
  [1m[35m (4.0ms)[0m  INSERT INTO "schema_migrations" (version) VALUES ('20190226194617')
  [1m[36m (3.9ms)[0m  [1mINSERT INTO "schema_migrations" (version) VALUES ('20111119180638')[0m


Started GET "/" for 165.91.13.49 at 2019-02-26 19:49:37 +0000


Started GET "/movies" for 165.91.13.49 at 2019-02-26 19:49:37 +0000
Processing by MoviesController#index as HTML
Redirected to https://a1febbcd4b3a4a17b1bf764ba52ac3d3.vfs.cloud9.us-east-2.amazonaws.com/movies?ratings%5BG%5D=1&ratings%5BNC-17%5D=1&ratings%5BPG%5D=1&ratings%5BPG-13%5D=1&ratings%5BR%5D=1
Completed 302 Found in 25ms (ActiveRecord: 0.0ms)


Started GET "/movies?ratings%5BG%5D=1&ratings%5BNC-17%5D=1&ratings%5BPG%5D=1&ratings%5BPG-13%5D=1&ratings%5BR%5D=1" for 165.91.13.49 at 2019-02-26 19:49:37 +0000
Processing by MoviesController#index as HTML
  Parameters: {"ratings"=>{"G"=>"1", "NC-17"=>"1", "PG"=>"1", "PG-13"=>"1", "R"=>"1"}}
  [1m[36mMovie Load (0.1ms)[0m  [1mSELECT "movies".* FROM "movies" WHERE "movies"."rating" IN ('G', 'NC-17', 'PG', 'PG-13', 'R')[0m
  Rendered movies/index.html.haml within layouts/application (9.0ms)
Completed 200 OK in 169ms (Views: 165.2ms | ActiveRecord: 1.1ms)
  [1m[36mActiveRecord::SchemaMigration Load (0.1ms)[0m  [1mSELECT "schema_migrations".* FROM "schema_migrations"[0m
  [1m[35m (0.1ms)[0m  begin transaction
  [1m[36mSQL (0.5ms)[0m  [1mINSERT INTO "movies" ("title", "rating", "release_date", "created_at", "updated_at") VALUES (?, ?, ?, ?, ?)[0m  [["title", "Aladdin"], ["rating", "G"], ["release_date", "1992-11-25 00:00:00.000000"], ["created_at", "2019-02-26 19:50:16.247889"], ["updated_at", "2019-02-26 19:50:16.247889"]]
  [1m[35m (4.6ms)[0m  commit transaction
  [1m[36m (0.0ms)[0m  [1mbegin transaction[0m
  [1m[35mSQL (0.1ms)[0m  INSERT INTO "movies" ("title", "rating", "release_date", "created_at", "updated_at") VALUES (?, ?, ?, ?, ?)  [["title", "The Terminator"], ["rating", "R"], ["release_date", "1984-10-26 00:00:00.000000"], ["created_at", "2019-02-26 19:50:16.254452"], ["updated_at", "2019-02-26 19:50:16.254452"]]
  [1m[36m (5.1ms)[0m  [1mcommit transaction[0m
  [1m[35m (0.0ms)[0m  begin transaction
  [1m[36mSQL (0.1ms)[0m  [1mINSERT INTO "movies" ("title", "rating", "release_date", "created_at", "updated_at") VALUES (?, ?, ?, ?, ?)[0m  [["title", "When Harry Met Sally"], ["rating", "R"], ["release_date", "1989-07-21 00:00:00.000000"], ["created_at", "2019-02-26 19:50:16.260793"], ["updated_at", "2019-02-26 19:50:16.260793"]]
  [1m[35m (4.3ms)[0m  commit transaction
  [1m[36m (0.0ms)[0m  [1mbegin transaction[0m
  [1m[35mSQL (0.1ms)[0m  INSERT INTO "movies" ("title", "rating", "release_date", "created_at", "updated_at") VALUES (?, ?, ?, ?, ?)  [["title", "The Help"], ["rating", "PG-13"], ["release_date", "2011-08-10 00:00:00.000000"], ["created_at", "2019-02-26 19:50:16.266359"], ["updated_at", "2019-02-26 19:50:16.266359"]]
  [1m[36m (4.1ms)[0m  [1mcommit transaction[0m
  [1m[35m (0.0ms)[0m  begin transaction
  [1m[36mSQL (0.1ms)[0m  [1mINSERT INTO "movies" ("title", "rating", "release_date", "created_at", "updated_at") VALUES (?, ?, ?, ?, ?)[0m  [["title", "Chocolat"], ["rating", "PG-13"], ["release_date", "2001-01-05 00:00:00.000000"], ["created_at", "2019-02-26 19:50:16.271664"], ["updated_at", "2019-02-26 19:50:16.271664"]]
  [1m[35m (5.3ms)[0m  commit transaction
  [1m[36m (0.0ms)[0m  [1mbegin transaction[0m
  [1m[35mSQL (0.1ms)[0m  INSERT INTO "movies" ("title", "rating", "release_date", "created_at", "updated_at") VALUES (?, ?, ?, ?, ?)  [["title", "Amelie"], ["rating", "R"], ["release_date", "2001-04-25 00:00:00.000000"], ["created_at", "2019-02-26 19:50:16.278180"], ["updated_at", "2019-02-26 19:50:16.278180"]]
  [1m[36m (4.3ms)[0m  [1mcommit transaction[0m
  [1m[35m (0.0ms)[0m  begin transaction
  [1m[36mSQL (0.1ms)[0m  [1mINSERT INTO "movies" ("title", "rating", "release_date", "created_at", "updated_at") VALUES (?, ?, ?, ?, ?)[0m  [["title", "2001: A Space Odyssey"], ["rating", "G"], ["release_date", "1968-04-06 00:00:00.000000"], ["created_at", "2019-02-26 19:50:16.283648"], ["updated_at", "2019-02-26 19:50:16.283648"]]
  [1m[35m (5.2ms)[0m  commit transaction
  [1m[36m (0.0ms)[0m  [1mbegin transaction[0m
  [1m[35mSQL (0.1ms)[0m  INSERT INTO "movies" ("title", "rating", "release_date", "created_at", "updated_at") VALUES (?, ?, ?, ?, ?)  [["title", "The Incredibles"], ["rating", "PG"], ["release_date", "2004-11-05 00:00:00.000000"], ["created_at", "2019-02-26 19:50:16.290104"], ["updated_at", "2019-02-26 19:50:16.290104"]]
  [1m[36m (3.8ms)[0m  [1mcommit transaction[0m
  [1m[35m (0.0ms)[0m  begin transaction
  [1m[36mSQL (0.1ms)[0m  [1mINSERT INTO "movies" ("title", "rating", "release_date", "created_at", "updated_at") VALUES (?, ?, ?, ?, ?)[0m  [["title", "Raiders of the Lost Ark"], ["rating", "PG"], ["release_date", "1981-06-12 00:00:00.000000"], ["created_at", "2019-02-26 19:50:16.295051"], ["updated_at", "2019-02-26 19:50:16.295051"]]
  [1m[35m (5.4ms)[0m  commit transaction
  [1m[36m (0.0ms)[0m  [1mbegin transaction[0m
  [1m[35mSQL (0.1ms)[0m  INSERT INTO "movies" ("title", "rating", "release_date", "created_at", "updated_at") VALUES (?, ?, ?, ?, ?)  [["title", "Chicken Run"], ["rating", "G"], ["release_date", "2000-06-21 00:00:00.000000"], ["created_at", "2019-02-26 19:50:16.301653"], ["updated_at", "2019-02-26 19:50:16.301653"]]
  [1m[36m (4.3ms)[0m  [1mcommit transaction[0m


Started GET "/" for 165.91.13.49 at 2019-02-26 19:50:20 +0000


Started GET "/movies" for 165.91.13.49 at 2019-02-26 19:50:20 +0000
Processing by MoviesController#index as HTML
Redirected to https://a1febbcd4b3a4a17b1bf764ba52ac3d3.vfs.cloud9.us-east-2.amazonaws.com/movies?ratings%5BG%5D=1&ratings%5BNC-17%5D=1&ratings%5BPG%5D=1&ratings%5BPG-13%5D=1&ratings%5BR%5D=1
Completed 302 Found in 47ms (ActiveRecord: 0.0ms)


Started GET "/movies?ratings%5BG%5D=1&ratings%5BNC-17%5D=1&ratings%5BPG%5D=1&ratings%5BPG-13%5D=1&ratings%5BR%5D=1" for 165.91.13.49 at 2019-02-26 19:50:20 +0000
Processing by MoviesController#index as HTML
  Parameters: {"ratings"=>{"G"=>"1", "NC-17"=>"1", "PG"=>"1", "PG-13"=>"1", "R"=>"1"}}
  [1m[36mMovie Load (0.2ms)[0m  [1mSELECT "movies".* FROM "movies" WHERE "movies"."rating" IN ('G', 'NC-17', 'PG', 'PG-13', 'R')[0m
  Rendered movies/index.html.haml within layouts/application (15.1ms)
Completed 200 OK in 151ms (Views: 144.4ms | ActiveRecord: 1.3ms)


Started GET "/movies?utf8=%E2%9C%93&ratings%5BG%5D=1&ratings%5BPG%5D=1&ratings%5BPG-13%5D=1&ratings%5BNC-17%5D=1&ratings%5BR%5D=1&commit=Refresh" for 165.91.13.49 at 2019-02-26 19:50:25 +0000
Processing by MoviesController#index as HTML
  Parameters: {"utf8"=>"✓", "ratings"=>{"G"=>"1", "PG"=>"1", "PG-13"=>"1", "NC-17"=>"1", "R"=>"1"}, "commit"=>"Refresh"}
  [1m[35mMovie Load (0.2ms)[0m  SELECT "movies".* FROM "movies" WHERE "movies"."rating" IN ('G', 'PG', 'PG-13', 'NC-17', 'R')
  Rendered movies/index.html.haml within layouts/application (3.4ms)
Completed 200 OK in 11ms (Views: 10.0ms | ActiveRecord: 0.2ms)


Started GET "/movies?utf8=%E2%9C%93&ratings%5BG%5D=1&ratings%5BPG%5D=1&ratings%5BPG-13%5D=1&commit=Refresh" for 165.91.13.49 at 2019-02-26 19:50:27 +0000
Processing by MoviesController#index as HTML
  Parameters: {"utf8"=>"✓", "ratings"=>{"G"=>"1", "PG"=>"1", "PG-13"=>"1"}, "commit"=>"Refresh"}
Redirected to https://a1febbcd4b3a4a17b1bf764ba52ac3d3.vfs.cloud9.us-east-2.amazonaws.com/movies?ratings%5BG%5D=1&ratings%5BPG%5D=1&ratings%5BPG-13%5D=1
Completed 302 Found in 1ms (ActiveRecord: 0.0ms)


Started GET "/movies?ratings%5BG%5D=1&ratings%5BPG%5D=1&ratings%5BPG-13%5D=1" for 165.91.13.49 at 2019-02-26 19:50:27 +0000
Processing by MoviesController#index as HTML
  Parameters: {"ratings"=>{"G"=>"1", "PG"=>"1", "PG-13"=>"1"}}
  [1m[36mMovie Load (0.2ms)[0m  [1mSELECT "movies".* FROM "movies" WHERE "movies"."rating" IN ('G', 'PG', 'PG-13')[0m
  Rendered movies/index.html.haml within layouts/application (2.9ms)
Completed 200 OK in 10ms (Views: 9.4ms | ActiveRecord: 0.2ms)


Started GET "/movies?utf8=%E2%9C%93&ratings%5BG%5D=1&ratings%5BPG%5D=1&commit=Refresh" for 165.91.13.49 at 2019-02-26 19:50:29 +0000
Processing by MoviesController#index as HTML
  Parameters: {"utf8"=>"✓", "ratings"=>{"G"=>"1", "PG"=>"1"}, "commit"=>"Refresh"}
Redirected to https://a1febbcd4b3a4a17b1bf764ba52ac3d3.vfs.cloud9.us-east-2.amazonaws.com/movies?ratings%5BG%5D=1&ratings%5BPG%5D=1
Completed 302 Found in 1ms (ActiveRecord: 0.0ms)


Started GET "/movies?ratings%5BG%5D=1&ratings%5BPG%5D=1" for 165.91.13.49 at 2019-02-26 19:50:29 +0000
Processing by MoviesController#index as HTML
  Parameters: {"ratings"=>{"G"=>"1", "PG"=>"1"}}
  [1m[35mMovie Load (0.2ms)[0m  SELECT "movies".* FROM "movies" WHERE "movies"."rating" IN ('G', 'PG')
  Rendered movies/index.html.haml within layouts/application (2.6ms)
Completed 200 OK in 10ms (Views: 9.0ms | ActiveRecord: 0.2ms)


Started GET "/movies?ratings%5BG%5D=1&ratings%5BPG%5D=1&sort=title" for 165.91.13.49 at 2019-02-26 19:50:30 +0000
Processing by MoviesController#index as HTML
  Parameters: {"ratings"=>{"G"=>"1", "PG"=>"1"}, "sort"=>"title"}
Redirected to https://a1febbcd4b3a4a17b1bf764ba52ac3d3.vfs.cloud9.us-east-2.amazonaws.com/movies?ratings%5BG%5D=1&ratings%5BPG%5D=1&sort=title
Completed 302 Found in 1ms (ActiveRecord: 0.0ms)


Started GET "/movies?ratings%5BG%5D=1&ratings%5BPG%5D=1&sort=title" for 165.91.13.49 at 2019-02-26 19:50:30 +0000
Processing by MoviesController#index as HTML
  Parameters: {"ratings"=>{"G"=>"1", "PG"=>"1"}, "sort"=>"title"}
  [1m[36mMovie Load (0.2ms)[0m  [1mSELECT "movies".* FROM "movies" WHERE "movies"."rating" IN ('G', 'PG')  ORDER BY "movies"."title" ASC[0m
  Rendered movies/index.html.haml within layouts/application (2.8ms)
Completed 200 OK in 10ms (Views: 9.2ms | ActiveRecord: 0.2ms)


Started GET "/movies?ratings%5BG%5D=1&ratings%5BPG%5D=1&sort=title" for 165.91.13.49 at 2019-02-26 19:50:30 +0000
Processing by MoviesController#index as HTML
  Parameters: {"ratings"=>{"G"=>"1", "PG"=>"1"}, "sort"=>"title"}
  [1m[35mMovie Load (0.2ms)[0m  SELECT "movies".* FROM "movies" WHERE "movies"."rating" IN ('G', 'PG')  ORDER BY "movies"."title" ASC
  Rendered movies/index.html.haml within layouts/application (2.8ms)
Completed 200 OK in 10ms (Views: 9.4ms | ActiveRecord: 0.2ms)


Started GET "/movies?ratings%5BG%5D=1&ratings%5BPG%5D=1&sort=release_date" for 165.91.13.49 at 2019-02-26 19:50:32 +0000
Processing by MoviesController#index as HTML
  Parameters: {"ratings"=>{"G"=>"1", "PG"=>"1"}, "sort"=>"release_date"}
Redirected to https://a1febbcd4b3a4a17b1bf764ba52ac3d3.vfs.cloud9.us-east-2.amazonaws.com/movies?ratings%5BG%5D=1&ratings%5BPG%5D=1&sort=release_date
Completed 302 Found in 1ms (ActiveRecord: 0.0ms)


Started GET "/movies?ratings%5BG%5D=1&ratings%5BPG%5D=1&sort=release_date" for 165.91.13.49 at 2019-02-26 19:50:32 +0000
Processing by MoviesController#index as HTML
  Parameters: {"ratings"=>{"G"=>"1", "PG"=>"1"}, "sort"=>"release_date"}
  [1m[36mMovie Load (0.2ms)[0m  [1mSELECT "movies".* FROM "movies" WHERE "movies"."rating" IN ('G', 'PG')  ORDER BY "movies"."release_date" ASC[0m
  Rendered movies/index.html.haml within layouts/application (2.7ms)
Completed 200 OK in 10ms (Views: 9.0ms | ActiveRecord: 0.2ms)


Started GET "/movies?ratings%5BG%5D=1&ratings%5BPG%5D=1&sort=title" for 165.91.13.49 at 2019-02-26 20:07:26 +0000
Processing by MoviesController#index as HTML
  Parameters: {"ratings"=>{"G"=>"1", "PG"=>"1"}, "sort"=>"title"}
Redirected to https://a1febbcd4b3a4a17b1bf764ba52ac3d3.vfs.cloud9.us-east-2.amazonaws.com/movies?ratings%5BG%5D=1&ratings%5BPG%5D=1&sort=title
Completed 302 Found in 1ms (ActiveRecord: 0.0ms)


Started GET "/movies?ratings%5BG%5D=1&ratings%5BPG%5D=1&sort=title" for 165.91.13.49 at 2019-02-26 20:07:26 +0000
Processing by MoviesController#index as HTML
  Parameters: {"ratings"=>{"G"=>"1", "PG"=>"1"}, "sort"=>"title"}
  [1m[35mMovie Load (0.3ms)[0m  SELECT "movies".* FROM "movies" WHERE "movies"."rating" IN ('G', 'PG')  ORDER BY "movies"."title" ASC
  Rendered movies/index.html.haml within layouts/application (2.9ms)
Completed 200 OK in 10ms (Views: 9.6ms | ActiveRecord: 0.3ms)


Started GET "/" for 165.91.13.49 at 2019-02-26 20:53:30 +0000


Started GET "/movies" for 165.91.13.49 at 2019-02-26 20:53:31 +0000
Processing by MoviesController#index as HTML
Redirected to https://a1febbcd4b3a4a17b1bf764ba52ac3d3.vfs.cloud9.us-east-2.amazonaws.com/movies?ratings%5BG%5D=1&ratings%5BPG%5D=1&sort=title
Completed 302 Found in 24ms (ActiveRecord: 0.0ms)


Started GET "/movies?ratings%5BG%5D=1&ratings%5BPG%5D=1&sort=title" for 165.91.13.49 at 2019-02-26 20:53:31 +0000
Processing by MoviesController#index as HTML
  Parameters: {"ratings"=>{"G"=>"1", "PG"=>"1"}, "sort"=>"title"}
  [1m[36mMovie Load (0.2ms)[0m  [1mSELECT "movies".* FROM "movies" WHERE "movies"."rating" IN ('G', 'PG')  ORDER BY "movies"."title" ASC[0m
  Rendered movies/index.html.haml within layouts/application (18.2ms)
Completed 200 OK in 192ms (Views: 187.8ms | ActiveRecord: 1.4ms)


Started GET "/movies/7" for 165.91.13.49 at 2019-02-26 20:53:36 +0000
Processing by MoviesController#show as HTML
  Parameters: {"id"=>"7"}
  [1m[35mMovie Load (0.2ms)[0m  SELECT  "movies".* FROM "movies" WHERE "movies"."id" = ? LIMIT 1  [["id", 7]]
  Rendered movies/show.html.haml within layouts/application (2.2ms)
Completed 200 OK in 12ms (Views: 9.3ms | ActiveRecord: 0.2ms)


Started GET "/movies/7/edit" for 165.91.13.49 at 2019-02-26 20:53:37 +0000
Processing by MoviesController#edit as HTML
  Parameters: {"id"=>"7"}
  [1m[36mMovie Load (0.1ms)[0m  [1mSELECT  "movies".* FROM "movies" WHERE "movies"."id" = ? LIMIT 1[0m  [["id", 7]]
  Rendered movies/edit.html.haml within layouts/application (9.6ms)
Completed 200 OK in 18ms (Views: 16.7ms | ActiveRecord: 0.1ms)


Started GET "/movies?utf8=%E2%9C%93&title_sort=true&commit=Refresh" for 165.91.13.49 at 2019-02-26 20:59:18 +0000
Processing by MoviesController#index as HTML
  Parameters: {"utf8"=>"✓", "title_sort"=>"true", "commit"=>"Refresh"}
Redirected to https://a1febbcd4b3a4a17b1bf764ba52ac3d3.vfs.cloud9.us-east-2.amazonaws.com/movies?ratings%5BG%5D=1&ratings%5BPG%5D=1&sort=title
Completed 302 Found in 1ms (ActiveRecord: 0.0ms)


Started GET "/movies?ratings%5BG%5D=1&ratings%5BPG%5D=1&sort=title" for 165.91.13.49 at 2019-02-26 20:59:18 +0000
Processing by MoviesController#index as HTML
  Parameters: {"ratings"=>{"G"=>"1", "PG"=>"1"}, "sort"=>"title"}
  [1m[35mMovie Load (0.2ms)[0m  SELECT "movies".* FROM "movies" WHERE "movies"."rating" IN ('G', 'PG')  ORDER BY "movies"."title" ASC
  Rendered movies/index.html.haml within layouts/application (2.8ms)
Completed 200 OK in 10ms (Views: 9.3ms | ActiveRecord: 0.2ms)


Started GET "/movies?utf8=%E2%9C%93&title_sort=true&ratings%5BG%5D=1&ratings%5BPG%5D=1&ratings%5BPG-13%5D=1&ratings%5BNC-17%5D=1&ratings%5BR%5D=1&commit=Refresh" for 165.91.13.49 at 2019-02-26 20:59:21 +0000
Processing by MoviesController#index as HTML
  Parameters: {"utf8"=>"✓", "title_sort"=>"true", "ratings"=>{"G"=>"1", "PG"=>"1", "PG-13"=>"1", "NC-17"=>"1", "R"=>"1"}, "commit"=>"Refresh"}
Redirected to https://a1febbcd4b3a4a17b1bf764ba52ac3d3.vfs.cloud9.us-east-2.amazonaws.com/movies?ratings%5BG%5D=1&ratings%5BNC-17%5D=1&ratings%5BPG%5D=1&ratings%5BPG-13%5D=1&ratings%5BR%5D=1&sort=title
Completed 302 Found in 1ms (ActiveRecord: 0.0ms)


Started GET "/movies?ratings%5BG%5D=1&ratings%5BNC-17%5D=1&ratings%5BPG%5D=1&ratings%5BPG-13%5D=1&ratings%5BR%5D=1&sort=title" for 165.91.13.49 at 2019-02-26 20:59:21 +0000
Processing by MoviesController#index as HTML
  Parameters: {"ratings"=>{"G"=>"1", "NC-17"=>"1", "PG"=>"1", "PG-13"=>"1", "R"=>"1"}, "sort"=>"title"}
  [1m[36mMovie Load (0.2ms)[0m  [1mSELECT "movies".* FROM "movies" WHERE "movies"."rating" IN ('G', 'NC-17', 'PG', 'PG-13', 'R')  ORDER BY "movies"."title" ASC[0m
  Rendered movies/index.html.haml within layouts/application (3.5ms)
Completed 200 OK in 11ms (Views: 10.0ms | ActiveRecord: 0.2ms)


Started GET "/movies/1" for 165.91.13.49 at 2019-02-26 21:04:42 +0000
Processing by MoviesController#show as HTML
  Parameters: {"id"=>"1"}
  [1m[35mMovie Load (0.1ms)[0m  SELECT  "movies".* FROM "movies" WHERE "movies"."id" = ? LIMIT 1  [["id", 1]]
  Rendered movies/show.html.haml within layouts/application (0.9ms)
Completed 200 OK in 8ms (Views: 7.5ms | ActiveRecord: 0.1ms)


Started GET "/movies/1/edit" for 165.91.13.49 at 2019-02-26 21:04:44 +0000
Processing by MoviesController#edit as HTML
  Parameters: {"id"=>"1"}
  [1m[36mMovie Load (0.1ms)[0m  [1mSELECT  "movies".* FROM "movies" WHERE "movies"."id" = ? LIMIT 1[0m  [["id", 1]]
  Rendered movies/edit.html.haml within layouts/application (2.6ms)
Completed 200 OK in 10ms (Views: 9.5ms | ActiveRecord: 0.1ms)


Started GET "/movies/1/edit" for 165.91.13.49 at 2019-02-26 21:06:11 +0000
Processing by MoviesController#edit as HTML
  Parameters: {"id"=>"1"}
  [1m[35mMovie Load (0.1ms)[0m  SELECT  "movies".* FROM "movies" WHERE "movies"."id" = ? LIMIT 1  [["id", 1]]
  Rendered movies/edit.html.haml within layouts/application (10.3ms)
Completed 500 Internal Server Error in 13ms (ActiveRecord: 0.1ms)

ActionView::Template::Error (undefined method `Director' for #<Movie:0x007f468a3f9968>
Did you mean?  director?
               director=):
    14:   = date_select :movie, :release_date
    15:   
    16:   = label :movie, :director, 'Director'
    17:   = text_field :movie, 'Director'
    18: 
    19:   = submit_tag 'Update Movie Info'
  app/views/movies/edit.html.haml:17:in `block in _app_views_movies_edit_html_haml___4142675962128876275_69970471927920'
  app/views/movies/edit.html.haml:5:in `_app_views_movies_edit_html_haml___4142675962128876275_69970471927920'


  Rendered /home/ec2-user/.rvm/gems/ruby-2.4.0/gems/actionpack-4.2.10/lib/action_dispatch/middleware/templates/rescues/_source.erb (14.1ms)
  Rendered /home/ec2-user/.rvm/gems/ruby-2.4.0/gems/actionpack-4.2.10/lib/action_dispatch/middleware/templates/rescues/_trace.html.erb (2.5ms)
  Rendered /home/ec2-user/.rvm/gems/ruby-2.4.0/gems/actionpack-4.2.10/lib/action_dispatch/middleware/templates/rescues/_request_and_response.html.erb (1.1ms)
  Rendered /home/ec2-user/.rvm/gems/ruby-2.4.0/gems/actionpack-4.2.10/lib/action_dispatch/middleware/templates/rescues/template_error.html.erb within rescues/layout (33.1ms)


Started GET "/movies/1/edit" for 165.91.13.49 at 2019-02-26 21:06:43 +0000
Processing by MoviesController#edit as HTML
  Parameters: {"id"=>"1"}
  [1m[36mMovie Load (0.1ms)[0m  [1mSELECT  "movies".* FROM "movies" WHERE "movies"."id" = ? LIMIT 1[0m  [["id", 1]]
  Rendered movies/edit.html.haml within layouts/application (3.8ms)
Completed 200 OK in 11ms (Views: 10.6ms | ActiveRecord: 0.1ms)


Started PUT "/movies/1" for 165.91.13.49 at 2019-02-26 21:06:49 +0000
Processing by MoviesController#update as HTML
  Parameters: {"utf8"=>"✓", "authenticity_token"=>"4b29ebpUZIqL/lF3HLkm1RWXHmsvV9el3B/PqymbfXcxDJDdH9USAWjWE0fShu2mWmgxpZuuAWT5IAolyR9ZNQ==", "movie"=>{"title"=>"Aladdin", "rating"=>"G", "release_date(1i)"=>"1992", "release_date(2i)"=>"11", "release_date(3i)"=>"25", "director"=>"XX"}, "commit"=>"Update Movie Info", "id"=>"1"}
  [1m[35mMovie Load (0.1ms)[0m  SELECT  "movies".* FROM "movies" WHERE "movies"."id" = ? LIMIT 1  [["id", 1]]
  [1m[36m (0.1ms)[0m  [1mbegin transaction[0m
  [1m[35mSQL (0.2ms)[0m  UPDATE "movies" SET "director" = ?, "updated_at" = ? WHERE "movies"."id" = ?  [["director", "XX"], ["updated_at", "2019-02-26 21:06:49.350043"], ["id", 1]]
  [1m[36m (5.1ms)[0m  [1mcommit transaction[0m
Redirected to https://a1febbcd4b3a4a17b1bf764ba52ac3d3.vfs.cloud9.us-east-2.amazonaws.com/movies/1
Completed 302 Found in 10ms (ActiveRecord: 5.5ms)


Started GET "/movies/1" for 165.91.13.49 at 2019-02-26 21:06:49 +0000
Processing by MoviesController#show as HTML
  Parameters: {"id"=>"1"}
  [1m[35mMovie Load (0.1ms)[0m  SELECT  "movies".* FROM "movies" WHERE "movies"."id" = ? LIMIT 1  [["id", 1]]
  Rendered movies/show.html.haml within layouts/application (0.9ms)
Completed 200 OK in 9ms (Views: 7.7ms | ActiveRecord: 0.1ms)


Started GET "/movies" for 165.91.13.49 at 2019-02-26 21:06:54 +0000
Processing by MoviesController#index as HTML
Redirected to https://a1febbcd4b3a4a17b1bf764ba52ac3d3.vfs.cloud9.us-east-2.amazonaws.com/movies?ratings%5BG%5D=1&ratings%5BNC-17%5D=1&ratings%5BPG%5D=1&ratings%5BPG-13%5D=1&ratings%5BR%5D=1&sort=title
Completed 302 Found in 1ms (ActiveRecord: 0.0ms)


Started GET "/movies?ratings%5BG%5D=1&ratings%5BNC-17%5D=1&ratings%5BPG%5D=1&ratings%5BPG-13%5D=1&ratings%5BR%5D=1&sort=title" for 165.91.13.49 at 2019-02-26 21:06:54 +0000
Processing by MoviesController#index as HTML
  Parameters: {"ratings"=>{"G"=>"1", "NC-17"=>"1", "PG"=>"1", "PG-13"=>"1", "R"=>"1"}, "sort"=>"title"}
  [1m[36mMovie Load (0.2ms)[0m  [1mSELECT "movies".* FROM "movies" WHERE "movies"."rating" IN ('G', 'NC-17', 'PG', 'PG-13', 'R')  ORDER BY "movies"."title" ASC[0m
  Rendered movies/index.html.haml within layouts/application (3.5ms)
Completed 200 OK in 11ms (Views: 9.9ms | ActiveRecord: 0.2ms)


Started GET "/movies/1" for 165.91.13.49 at 2019-02-26 21:06:56 +0000
Processing by MoviesController#show as HTML
  Parameters: {"id"=>"1"}
  [1m[35mMovie Load (0.1ms)[0m  SELECT  "movies".* FROM "movies" WHERE "movies"."id" = ? LIMIT 1  [["id", 1]]
  Rendered movies/show.html.haml within layouts/application (0.9ms)
Completed 200 OK in 8ms (Views: 7.5ms | ActiveRecord: 0.1ms)


Started GET "/movies/1" for 165.91.13.49 at 2019-02-26 21:08:02 +0000
Processing by MoviesController#show as HTML
  Parameters: {"id"=>"1"}
  [1m[36mMovie Load (0.1ms)[0m  [1mSELECT  "movies".* FROM "movies" WHERE "movies"."id" = ? LIMIT 1[0m  [["id", 1]]
  Rendered movies/show.html.haml within layouts/application (2.4ms)
Completed 200 OK in 10ms (Views: 9.2ms | ActiveRecord: 0.1ms)


Started GET "/movies/1" for 165.91.13.49 at 2019-02-26 21:08:03 +0000
Processing by MoviesController#show as HTML
  Parameters: {"id"=>"1"}
  [1m[35mMovie Load (0.1ms)[0m  SELECT  "movies".* FROM "movies" WHERE "movies"."id" = ? LIMIT 1  [["id", 1]]
  Rendered movies/show.html.haml within layouts/application (0.8ms)
Completed 200 OK in 8ms (Views: 7.4ms | ActiveRecord: 0.1ms)


Started GET "/movies/1" for 165.91.13.49 at 2019-02-26 21:08:03 +0000
Processing by MoviesController#show as HTML
  Parameters: {"id"=>"1"}
  [1m[36mMovie Load (0.1ms)[0m  [1mSELECT  "movies".* FROM "movies" WHERE "movies"."id" = ? LIMIT 1[0m  [["id", 1]]
  Rendered movies/show.html.haml within layouts/application (0.9ms)
Completed 200 OK in 9ms (Views: 8.2ms | ActiveRecord: 0.1ms)


Started GET "/movies/1/edit" for 165.91.13.49 at 2019-02-26 21:08:05 +0000
Processing by MoviesController#edit as HTML
  Parameters: {"id"=>"1"}
  [1m[35mMovie Load (0.1ms)[0m  SELECT  "movies".* FROM "movies" WHERE "movies"."id" = ? LIMIT 1  [["id", 1]]
  Rendered movies/edit.html.haml within layouts/application (2.6ms)
Completed 200 OK in 10ms (Views: 9.4ms | ActiveRecord: 0.1ms)


Started PUT "/movies/1" for 165.91.13.49 at 2019-02-26 21:08:08 +0000
Processing by MoviesController#update as HTML
  Parameters: {"utf8"=>"✓", "authenticity_token"=>"45UW90/8FTuGdlOVFTEptd8d/fIQw/oePA8Igu9y5P0zJDtT6n1jsGVeEaXbDuLGkOLSPKQ6LN8ZMM0MD/bAvw==", "movie"=>{"title"=>"Aladdin", "rating"=>"G", "release_date(1i)"=>"1992", "release_date(2i)"=>"11", "release_date(3i)"=>"25", "director"=>"XXA"}, "commit"=>"Update Movie Info", "id"=>"1"}
  [1m[36mMovie Load (0.1ms)[0m  [1mSELECT  "movies".* FROM "movies" WHERE "movies"."id" = ? LIMIT 1[0m  [["id", 1]]
  [1m[35m (0.1ms)[0m  begin transaction
  [1m[36mSQL (0.1ms)[0m  [1mUPDATE "movies" SET "director" = ?, "updated_at" = ? WHERE "movies"."id" = ?[0m  [["director", "XXA"], ["updated_at", "2019-02-26 21:08:08.292450"], ["id", 1]]
  [1m[35m (4.0ms)[0m  commit transaction
Redirected to https://a1febbcd4b3a4a17b1bf764ba52ac3d3.vfs.cloud9.us-east-2.amazonaws.com/movies/1
Completed 302 Found in 8ms (ActiveRecord: 4.3ms)


Started GET "/movies/1" for 165.91.13.49 at 2019-02-26 21:08:08 +0000
Processing by MoviesController#show as HTML
  Parameters: {"id"=>"1"}
  [1m[36mMovie Load (0.1ms)[0m  [1mSELECT  "movies".* FROM "movies" WHERE "movies"."id" = ? LIMIT 1[0m  [["id", 1]]
  Rendered movies/show.html.haml within layouts/application (0.9ms)
Completed 200 OK in 9ms (Views: 7.8ms | ActiveRecord: 0.1ms)


Started GET "/movies" for 165.91.13.49 at 2019-02-26 21:08:10 +0000
Processing by MoviesController#index as HTML
Redirected to https://a1febbcd4b3a4a17b1bf764ba52ac3d3.vfs.cloud9.us-east-2.amazonaws.com/movies?ratings%5BG%5D=1&ratings%5BNC-17%5D=1&ratings%5BPG%5D=1&ratings%5BPG-13%5D=1&ratings%5BR%5D=1&sort=title
Completed 302 Found in 1ms (ActiveRecord: 0.0ms)


Started GET "/movies?ratings%5BG%5D=1&ratings%5BNC-17%5D=1&ratings%5BPG%5D=1&ratings%5BPG-13%5D=1&ratings%5BR%5D=1&sort=title" for 165.91.13.49 at 2019-02-26 21:08:10 +0000
Processing by MoviesController#index as HTML
  Parameters: {"ratings"=>{"G"=>"1", "NC-17"=>"1", "PG"=>"1", "PG-13"=>"1", "R"=>"1"}, "sort"=>"title"}
  [1m[35mMovie Load (0.2ms)[0m  SELECT "movies".* FROM "movies" WHERE "movies"."rating" IN ('G', 'NC-17', 'PG', 'PG-13', 'R')  ORDER BY "movies"."title" ASC
  Rendered movies/index.html.haml within layouts/application (3.7ms)
Completed 200 OK in 11ms (Views: 10.3ms | ActiveRecord: 0.2ms)


Started GET "/movies/1" for 165.91.13.49 at 2019-02-26 21:08:11 +0000
Processing by MoviesController#show as HTML
  Parameters: {"id"=>"1"}
  [1m[36mMovie Load (0.1ms)[0m  [1mSELECT  "movies".* FROM "movies" WHERE "movies"."id" = ? LIMIT 1[0m  [["id", 1]]
  Rendered movies/show.html.haml within layouts/application (0.9ms)
Completed 200 OK in 9ms (Views: 7.8ms | ActiveRecord: 0.1ms)


Started GET "/" for 165.91.13.49 at 2019-02-26 21:09:19 +0000


Started GET "/movies" for 165.91.13.49 at 2019-02-26 21:09:19 +0000
Processing by MoviesController#index as HTML
Redirected to https://a1febbcd4b3a4a17b1bf764ba52ac3d3.vfs.cloud9.us-east-2.amazonaws.com/movies?ratings%5BG%5D=1&ratings%5BNC-17%5D=1&ratings%5BPG%5D=1&ratings%5BPG-13%5D=1&ratings%5BR%5D=1&sort=title
Completed 302 Found in 23ms (ActiveRecord: 0.0ms)


Started GET "/movies?ratings%5BG%5D=1&ratings%5BNC-17%5D=1&ratings%5BPG%5D=1&ratings%5BPG-13%5D=1&ratings%5BR%5D=1&sort=title" for 165.91.13.49 at 2019-02-26 21:09:19 +0000
Processing by MoviesController#index as HTML
  Parameters: {"ratings"=>{"G"=>"1", "NC-17"=>"1", "PG"=>"1", "PG-13"=>"1", "R"=>"1"}, "sort"=>"title"}
  [1m[36mMovie Load (0.2ms)[0m  [1mSELECT "movies".* FROM "movies" WHERE "movies"."rating" IN ('G', 'NC-17', 'PG', 'PG-13', 'R')  ORDER BY "movies"."title" ASC[0m
  Rendered movies/index.html.haml within layouts/application (15.3ms)
Completed 200 OK in 180ms (Views: 175.8ms | ActiveRecord: 1.3ms)


Started GET "/movies/1" for 165.91.13.49 at 2019-02-26 21:10:57 +0000
Processing by MoviesController#show as HTML
  Parameters: {"id"=>"1"}
  [1m[35mMovie Load (0.2ms)[0m  SELECT  "movies".* FROM "movies" WHERE "movies"."id" = ? LIMIT 1  [["id", 1]]
  Rendered movies/show.html.haml within layouts/application (12.5ms)
Completed 200 OK in 22ms (Views: 19.4ms | ActiveRecord: 0.2ms)


Started GET "/movies/1/edit" for 165.91.13.49 at 2019-02-26 21:10:58 +0000
Processing by MoviesController#edit as HTML
  Parameters: {"id"=>"1"}
  [1m[36mMovie Load (0.1ms)[0m  [1mSELECT  "movies".* FROM "movies" WHERE "movies"."id" = ? LIMIT 1[0m  [["id", 1]]
  Rendered movies/edit.html.haml within layouts/application (9.7ms)
Completed 200 OK in 17ms (Views: 16.3ms | ActiveRecord: 0.1ms)


Started GET "/movies/9" for 165.91.13.49 at 2019-02-26 21:11:03 +0000
Processing by MoviesController#show as HTML
  Parameters: {"id"=>"9"}
  [1m[35mMovie Load (0.1ms)[0m  SELECT  "movies".* FROM "movies" WHERE "movies"."id" = ? LIMIT 1  [["id", 9]]
  Rendered movies/show.html.haml within layouts/application (0.9ms)
Completed 200 OK in 8ms (Views: 7.4ms | ActiveRecord: 0.1ms)


Started GET "/movies/9/edit" for 165.91.13.49 at 2019-02-26 21:11:04 +0000
Processing by MoviesController#edit as HTML
  Parameters: {"id"=>"9"}
  [1m[36mMovie Load (0.1ms)[0m  [1mSELECT  "movies".* FROM "movies" WHERE "movies"."id" = ? LIMIT 1[0m  [["id", 9]]
  Rendered movies/edit.html.haml within layouts/application (2.5ms)
Completed 200 OK in 10ms (Views: 8.9ms | ActiveRecord: 0.1ms)


Started GET "/movies/5" for 165.91.13.49 at 2019-02-26 21:15:39 +0000
Processing by MoviesController#show as HTML
  Parameters: {"id"=>"5"}
  [1m[35mMovie Load (0.1ms)[0m  SELECT  "movies".* FROM "movies" WHERE "movies"."id" = ? LIMIT 1  [["id", 5]]
  Rendered movies/show.html.haml within layouts/application (0.9ms)
Completed 200 OK in 8ms (Views: 7.4ms | ActiveRecord: 0.1ms)


Started GET "/movies/5/edit" for 165.91.13.49 at 2019-02-26 21:15:41 +0000
Processing by MoviesController#edit as HTML
  Parameters: {"id"=>"5"}
  [1m[36mMovie Load (0.1ms)[0m  [1mSELECT  "movies".* FROM "movies" WHERE "movies"."id" = ? LIMIT 1[0m  [["id", 5]]
  Rendered movies/edit.html.haml within layouts/application (2.6ms)
Completed 200 OK in 10ms (Views: 9.1ms | ActiveRecord: 0.1ms)


Started GET "/" for 165.91.13.49 at 2019-02-26 21:53:08 +0000


Started GET "/movies" for 165.91.13.49 at 2019-02-26 21:53:08 +0000
Processing by MoviesController#index as HTML
Redirected to https://a1febbcd4b3a4a17b1bf764ba52ac3d3.vfs.cloud9.us-east-2.amazonaws.com/movies?ratings%5BG%5D=1&ratings%5BNC-17%5D=1&ratings%5BPG%5D=1&ratings%5BPG-13%5D=1&ratings%5BR%5D=1&sort=title
Completed 302 Found in 27ms (ActiveRecord: 0.0ms)


Started GET "/movies?ratings%5BG%5D=1&ratings%5BNC-17%5D=1&ratings%5BPG%5D=1&ratings%5BPG-13%5D=1&ratings%5BR%5D=1&sort=title" for 165.91.13.49 at 2019-02-26 21:53:08 +0000
Processing by MoviesController#index as HTML
  Parameters: {"ratings"=>{"G"=>"1", "NC-17"=>"1", "PG"=>"1", "PG-13"=>"1", "R"=>"1"}, "sort"=>"title"}
  [1m[36mMovie Load (0.2ms)[0m  [1mSELECT "movies".* FROM "movies" WHERE "movies"."rating" IN ('G', 'NC-17', 'PG', 'PG-13', 'R')  ORDER BY "movies"."title" ASC[0m
  Rendered movies/index.html.haml within layouts/application (15.4ms)
Completed 200 OK in 180ms (Views: 175.9ms | ActiveRecord: 1.3ms)


Started GET "/movies/7" for 165.91.13.49 at 2019-02-26 21:53:14 +0000
Processing by MoviesController#show as HTML
  Parameters: {"id"=>"7"}
  [1m[35mMovie Load (0.2ms)[0m  SELECT  "movies".* FROM "movies" WHERE "movies"."id" = ? LIMIT 1  [["id", 7]]
  Rendered movies/show.html.haml within layouts/application (2.4ms)
Completed 200 OK in 11ms (Views: 9.1ms | ActiveRecord: 0.2ms)


Started GET "/movies/7" for 165.91.13.49 at 2019-02-26 21:53:31 +0000
Processing by MoviesController#show as HTML
  Parameters: {"id"=>"7"}
  [1m[36mMovie Load (0.1ms)[0m  [1mSELECT  "movies".* FROM "movies" WHERE "movies"."id" = ? LIMIT 1[0m  [["id", 7]]
  Rendered movies/show.html.haml within layouts/application (2.4ms)
Completed 200 OK in 17ms (Views: 10.3ms | ActiveRecord: 0.5ms)


Started GET "/movies/7/same_director" for 165.91.13.49 at 2019-02-26 21:53:33 +0000
Processing by MoviesController#same_director as HTML
  Parameters: {"id"=>"7"}
  [1m[35mMovie Load (0.1ms)[0m  SELECT  "movies".* FROM "movies" WHERE "movies"."id" = ? LIMIT 1  [["id", 7]]
Completed 500 Internal Server Error in 2ms (ActiveRecord: 0.1ms)

NoMethodError (undefined method `empty?' for nil:NilClass):
  app/controllers/movies_controller.rb:39:in `same_director'


  Rendered /home/ec2-user/.rvm/gems/ruby-2.4.0/gems/actionpack-4.2.10/lib/action_dispatch/middleware/templates/rescues/_source.erb (3.4ms)
  Rendered /home/ec2-user/.rvm/gems/ruby-2.4.0/gems/actionpack-4.2.10/lib/action_dispatch/middleware/templates/rescues/_trace.html.erb (1.5ms)
  Rendered /home/ec2-user/.rvm/gems/ruby-2.4.0/gems/actionpack-4.2.10/lib/action_dispatch/middleware/templates/rescues/_request_and_response.html.erb (1.0ms)
  Rendered /home/ec2-user/.rvm/gems/ruby-2.4.0/gems/actionpack-4.2.10/lib/action_dispatch/middleware/templates/rescues/diagnostics.html.erb within rescues/layout (17.7ms)


Started GET "/movies/7" for 165.91.13.49 at 2019-02-26 21:54:26 +0000
Processing by MoviesController#show as HTML
  Parameters: {"id"=>"7"}
  [1m[36mMovie Load (0.1ms)[0m  [1mSELECT  "movies".* FROM "movies" WHERE "movies"."id" = ? LIMIT 1[0m  [["id", 7]]
  Rendered movies/show.html.haml within layouts/application (1.0ms)
Completed 200 OK in 16ms (Views: 9.1ms | ActiveRecord: 0.6ms)


Started GET "/movies/7/same_director" for 165.91.13.49 at 2019-02-26 21:54:29 +0000
Processing by MoviesController#same_director as HTML
  Parameters: {"id"=>"7"}
  [1m[35mMovie Load (0.1ms)[0m  SELECT  "movies".* FROM "movies" WHERE "movies"."id" = ? LIMIT 1  [["id", 7]]
Completed 500 Internal Server Error in 13ms (ActiveRecord: 0.1ms)

NameError (undefined local variable or method `moviess_path' for #<MoviesController:0x007f68367e0d88>
Did you mean?  movies_path
               movie_path):
  app/controllers/movies_controller.rb:41:in `same_director'


  Rendered /home/ec2-user/.rvm/gems/ruby-2.4.0/gems/actionpack-4.2.10/lib/action_dispatch/middleware/templates/rescues/_source.erb (3.5ms)
  Rendered /home/ec2-user/.rvm/gems/ruby-2.4.0/gems/actionpack-4.2.10/lib/action_dispatch/middleware/templates/rescues/_trace.html.erb (1.6ms)
  Rendered /home/ec2-user/.rvm/gems/ruby-2.4.0/gems/actionpack-4.2.10/lib/action_dispatch/middleware/templates/rescues/_request_and_response.html.erb (0.7ms)
  Rendered /home/ec2-user/.rvm/gems/ruby-2.4.0/gems/actionpack-4.2.10/lib/action_dispatch/middleware/templates/rescues/diagnostics.html.erb within rescues/layout (20.2ms)


Started GET "/movies/7/same_director" for 165.91.13.49 at 2019-02-26 21:55:43 +0000
Processing by MoviesController#same_director as HTML
  Parameters: {"id"=>"7"}
  [1m[36mMovie Load (0.1ms)[0m  [1mSELECT  "movies".* FROM "movies" WHERE "movies"."id" = ? LIMIT 1[0m  [["id", 7]]
Redirected to https://a1febbcd4b3a4a17b1bf764ba52ac3d3.vfs.cloud9.us-east-2.amazonaws.com/movies
Completed 302 Found in 7ms (ActiveRecord: 0.5ms)


Started GET "/movies" for 165.91.13.49 at 2019-02-26 21:55:43 +0000
Processing by MoviesController#index as HTML
Redirected to https://a1febbcd4b3a4a17b1bf764ba52ac3d3.vfs.cloud9.us-east-2.amazonaws.com/movies?ratings%5BG%5D=1&ratings%5BNC-17%5D=1&ratings%5BPG%5D=1&ratings%5BPG-13%5D=1&ratings%5BR%5D=1&sort=title
Completed 302 Found in 1ms (ActiveRecord: 0.0ms)


Started GET "/movies?ratings%5BG%5D=1&ratings%5BNC-17%5D=1&ratings%5BPG%5D=1&ratings%5BPG-13%5D=1&ratings%5BR%5D=1&sort=title" for 165.91.13.49 at 2019-02-26 21:55:43 +0000
Processing by MoviesController#index as HTML
  Parameters: {"ratings"=>{"G"=>"1", "NC-17"=>"1", "PG"=>"1", "PG-13"=>"1", "R"=>"1"}, "sort"=>"title"}
  [1m[35mMovie Load (0.2ms)[0m  SELECT "movies".* FROM "movies" WHERE "movies"."rating" IN ('G', 'NC-17', 'PG', 'PG-13', 'R')  ORDER BY "movies"."title" ASC
  Rendered movies/index.html.haml within layouts/application (5.8ms)
Completed 200 OK in 15ms (Views: 14.5ms | ActiveRecord: 0.2ms)


Started GET "/movies/1" for 165.91.13.49 at 2019-02-26 21:55:47 +0000
Processing by MoviesController#show as HTML
  Parameters: {"id"=>"1"}
  [1m[36mMovie Load (0.1ms)[0m  [1mSELECT  "movies".* FROM "movies" WHERE "movies"."id" = ? LIMIT 1[0m  [["id", 1]]
  Rendered movies/show.html.haml within layouts/application (1.0ms)
Completed 200 OK in 9ms (Views: 8.5ms | ActiveRecord: 0.1ms)


Started GET "/movies/1/same_director" for 165.91.13.49 at 2019-02-26 21:55:48 +0000
Processing by MoviesController#same_director as HTML
  Parameters: {"id"=>"1"}
  [1m[35mMovie Load (0.1ms)[0m  SELECT  "movies".* FROM "movies" WHERE "movies"."id" = ? LIMIT 1  [["id", 1]]
  [1m[36mMovie Load (0.1ms)[0m  [1mSELECT "movies".* FROM "movies" WHERE "movies"."Director" = 'XXA'[0m
  Rendered movies/same_director.html.haml within layouts/application (2.8ms)
Completed 200 OK in 11ms (Views: 10.0ms | ActiveRecord: 0.2ms)


Started GET "/movies" for 165.91.13.49 at 2019-02-26 21:55:50 +0000
Processing by MoviesController#index as HTML
Redirected to https://a1febbcd4b3a4a17b1bf764ba52ac3d3.vfs.cloud9.us-east-2.amazonaws.com/movies?ratings%5BG%5D=1&ratings%5BNC-17%5D=1&ratings%5BPG%5D=1&ratings%5BPG-13%5D=1&ratings%5BR%5D=1&sort=title
Completed 302 Found in 1ms (ActiveRecord: 0.0ms)


Started GET "/movies?ratings%5BG%5D=1&ratings%5BNC-17%5D=1&ratings%5BPG%5D=1&ratings%5BPG-13%5D=1&ratings%5BR%5D=1&sort=title" for 165.91.13.49 at 2019-02-26 21:55:50 +0000
Processing by MoviesController#index as HTML
  Parameters: {"ratings"=>{"G"=>"1", "NC-17"=>"1", "PG"=>"1", "PG-13"=>"1", "R"=>"1"}, "sort"=>"title"}
  [1m[35mMovie Load (0.3ms)[0m  SELECT "movies".* FROM "movies" WHERE "movies"."rating" IN ('G', 'NC-17', 'PG', 'PG-13', 'R')  ORDER BY "movies"."title" ASC
  Rendered movies/index.html.haml within layouts/application (3.7ms)
Completed 200 OK in 12ms (Views: 10.9ms | ActiveRecord: 0.3ms)


Started GET "/movies?ratings%5BG%5D=1&ratings%5BNC-17%5D=1&ratings%5BPG%5D=1&ratings%5BPG-13%5D=1&ratings%5BR%5D=1&sort=title" for 165.91.13.49 at 2019-02-26 21:57:40 +0000
Processing by MoviesController#index as HTML
  Parameters: {"ratings"=>{"G"=>"1", "NC-17"=>"1", "PG"=>"1", "PG-13"=>"1", "R"=>"1"}, "sort"=>"title"}
  [1m[36mMovie Load (0.2ms)[0m  [1mSELECT "movies".* FROM "movies" WHERE "movies"."rating" IN ('G', 'NC-17', 'PG', 'PG-13', 'R')  ORDER BY "movies"."title" ASC[0m
  Rendered movies/index.html.haml within layouts/application (7.5ms)
Completed 200 OK in 18ms (Views: 15.1ms | ActiveRecord: 0.6ms)


Started GET "/movies?ratings%5BG%5D=1&ratings%5BNC-17%5D=1&ratings%5BPG%5D=1&ratings%5BPG-13%5D=1&ratings%5BR%5D=1&sort=title" for 165.91.13.49 at 2019-02-26 21:57:42 +0000
Processing by MoviesController#index as HTML
  Parameters: {"ratings"=>{"G"=>"1", "NC-17"=>"1", "PG"=>"1", "PG-13"=>"1", "R"=>"1"}, "sort"=>"title"}
  [1m[35mMovie Load (0.2ms)[0m  SELECT "movies".* FROM "movies" WHERE "movies"."rating" IN ('G', 'NC-17', 'PG', 'PG-13', 'R')  ORDER BY "movies"."title" ASC
  Rendered movies/index.html.haml within layouts/application (3.6ms)
Completed 200 OK in 11ms (Views: 10.4ms | ActiveRecord: 0.2ms)


Started GET "/movies?ratings%5BG%5D=1&ratings%5BNC-17%5D=1&ratings%5BPG%5D=1&ratings%5BPG-13%5D=1&ratings%5BR%5D=1&sort=title" for 165.91.13.49 at 2019-02-26 21:57:45 +0000
Processing by MoviesController#index as HTML
  Parameters: {"ratings"=>{"G"=>"1", "NC-17"=>"1", "PG"=>"1", "PG-13"=>"1", "R"=>"1"}, "sort"=>"title"}
  [1m[36mMovie Load (0.2ms)[0m  [1mSELECT "movies".* FROM "movies" WHERE "movies"."rating" IN ('G', 'NC-17', 'PG', 'PG-13', 'R')  ORDER BY "movies"."title" ASC[0m
  Rendered movies/index.html.haml within layouts/application (4.1ms)
Completed 200 OK in 17ms (Views: 15.9ms | ActiveRecord: 0.2ms)


Started GET "/movies/1" for 165.91.13.49 at 2019-02-26 21:57:47 +0000
Processing by MoviesController#show as HTML
  Parameters: {"id"=>"1"}
  [1m[35mMovie Load (0.2ms)[0m  SELECT  "movies".* FROM "movies" WHERE "movies"."id" = ? LIMIT 1  [["id", 1]]
  Rendered movies/show.html.haml within layouts/application (18.9ms)
Completed 500 Internal Server Error in 22ms (ActiveRecord: 0.2ms)

ActionView::Template::Error (undefined method `same_director_path' for #<#<Class:0x007f6834fbeac0>:0x007f68367e0950>):
    19: %p#description= @movie.description
    20: 
    21: = link_to 'Edit', edit_movie_path(@movie)
    22: = link_to 'Find Movies With Same Director', same_director_path(@movie)
    23: = button_to 'Delete', movie_path(@movie), :method => :delete, :confirm => 'Are you sure?'
    24: = link_to 'Back to movie list', movies_path
  app/views/movies/show.html.haml:22:in `_app_views_movies_show_html_haml___2976538033317509221_70042780138300'


  Rendered /home/ec2-user/.rvm/gems/ruby-2.4.0/gems/actionpack-4.2.10/lib/action_dispatch/middleware/templates/rescues/_source.erb (5.0ms)
  Rendered /home/ec2-user/.rvm/gems/ruby-2.4.0/gems/actionpack-4.2.10/lib/action_dispatch/middleware/templates/rescues/_trace.html.erb (2.2ms)
  Rendered /home/ec2-user/.rvm/gems/ruby-2.4.0/gems/actionpack-4.2.10/lib/action_dispatch/middleware/templates/rescues/_request_and_response.html.erb (1.0ms)
  Rendered /home/ec2-user/.rvm/gems/ruby-2.4.0/gems/actionpack-4.2.10/lib/action_dispatch/middleware/templates/rescues/template_error.html.erb within rescues/layout (20.4ms)


Started GET "/movies?ratings%5BG%5D=1&ratings%5BNC-17%5D=1&ratings%5BPG%5D=1&ratings%5BPG-13%5D=1&ratings%5BR%5D=1&sort=title" for 165.91.13.49 at 2019-02-26 21:59:27 +0000
Processing by MoviesController#index as HTML
  Parameters: {"ratings"=>{"G"=>"1", "NC-17"=>"1", "PG"=>"1", "PG-13"=>"1", "R"=>"1"}, "sort"=>"title"}
  [1m[36mMovie Load (0.2ms)[0m  [1mSELECT "movies".* FROM "movies" WHERE "movies"."rating" IN ('G', 'NC-17', 'PG', 'PG-13', 'R')  ORDER BY "movies"."title" ASC[0m
  Rendered movies/index.html.haml within layouts/application (3.6ms)
Completed 200 OK in 11ms (Views: 10.2ms | ActiveRecord: 0.2ms)


Started GET "/movies/10" for 165.91.13.49 at 2019-02-26 21:59:29 +0000
Processing by MoviesController#show as HTML
  Parameters: {"id"=>"10"}
  [1m[35mMovie Load (0.1ms)[0m  SELECT  "movies".* FROM "movies" WHERE "movies"."id" = ? LIMIT 1  [["id", 10]]
  Rendered movies/show.html.haml within layouts/application (18.4ms)
Completed 500 Internal Server Error in 21ms (ActiveRecord: 0.1ms)

ActionView::Template::Error (undefined method `same_director_path' for #<#<Class:0x007f6834fbeac0>:0x007f6834b79898>):
    19: %p#description= @movie.description
    20: 
    21: = link_to 'Edit', edit_movie_path(@movie)
    22: = link_to 'Find Movies With Same Director', same_director_path(@movie)
    23: = button_to 'Delete', movie_path(@movie), :method => :delete, :confirm => 'Are you sure?'
    24: = link_to 'Back to movie list', movies_path
  app/views/movies/show.html.haml:22:in `_app_views_movies_show_html_haml___2976538033317509221_70042780138300'


  Rendered /home/ec2-user/.rvm/gems/ruby-2.4.0/gems/actionpack-4.2.10/lib/action_dispatch/middleware/templates/rescues/_source.erb (5.0ms)
  Rendered /home/ec2-user/.rvm/gems/ruby-2.4.0/gems/actionpack-4.2.10/lib/action_dispatch/middleware/templates/rescues/_trace.html.erb (2.2ms)
  Rendered /home/ec2-user/.rvm/gems/ruby-2.4.0/gems/actionpack-4.2.10/lib/action_dispatch/middleware/templates/rescues/_request_and_response.html.erb (1.0ms)
  Rendered /home/ec2-user/.rvm/gems/ruby-2.4.0/gems/actionpack-4.2.10/lib/action_dispatch/middleware/templates/rescues/template_error.html.erb within rescues/layout (20.2ms)


Started GET "/movies?ratings%5BG%5D=1&ratings%5BNC-17%5D=1&ratings%5BPG%5D=1&ratings%5BPG-13%5D=1&ratings%5BR%5D=1&sort=title" for 165.91.13.49 at 2019-02-26 22:00:48 +0000
Processing by MoviesController#index as HTML
  Parameters: {"ratings"=>{"G"=>"1", "NC-17"=>"1", "PG"=>"1", "PG-13"=>"1", "R"=>"1"}, "sort"=>"title"}
  [1m[36mMovie Load (0.2ms)[0m  [1mSELECT "movies".* FROM "movies" WHERE "movies"."rating" IN ('G', 'NC-17', 'PG', 'PG-13', 'R')  ORDER BY "movies"."title" ASC[0m
  Rendered movies/index.html.haml within layouts/application (3.6ms)
Completed 200 OK in 11ms (Views: 10.3ms | ActiveRecord: 0.2ms)


Started GET "/movies/6" for 165.91.13.49 at 2019-02-26 22:00:49 +0000
Processing by MoviesController#show as HTML
  Parameters: {"id"=>"6"}
  [1m[35mMovie Load (0.1ms)[0m  SELECT  "movies".* FROM "movies" WHERE "movies"."id" = ? LIMIT 1  [["id", 6]]
  Rendered movies/show.html.haml within layouts/application (24.1ms)
Completed 500 Internal Server Error in 27ms (ActiveRecord: 0.1ms)

ActionView::Template::Error (undefined method `same_director_movie_path' for #<#<Class:0x007f6834fbeac0>:0x007f68361401e0>):
    19: %p#description= @movie.description
    20: 
    21: = link_to 'Edit', edit_movie_path(@movie)
    22: = link_to 'Find Movies With Same Director', same_director_movie_path(@movie)
    23: = button_to 'Delete', movie_path(@movie), :method => :delete, :confirm => 'Are you sure?'
    24: = link_to 'Back to movie list', movies_path
  app/views/movies/show.html.haml:22:in `_app_views_movies_show_html_haml___2976538033317509221_70042780292940'


  Rendered /home/ec2-user/.rvm/gems/ruby-2.4.0/gems/actionpack-4.2.10/lib/action_dispatch/middleware/templates/rescues/_source.erb (10.3ms)
  Rendered /home/ec2-user/.rvm/gems/ruby-2.4.0/gems/actionpack-4.2.10/lib/action_dispatch/middleware/templates/rescues/_trace.html.erb (2.4ms)
  Rendered /home/ec2-user/.rvm/gems/ruby-2.4.0/gems/actionpack-4.2.10/lib/action_dispatch/middleware/templates/rescues/_request_and_response.html.erb (1.0ms)
  Rendered /home/ec2-user/.rvm/gems/ruby-2.4.0/gems/actionpack-4.2.10/lib/action_dispatch/middleware/templates/rescues/template_error.html.erb within rescues/layout (26.3ms)


Started GET "/movies/6" for 165.91.13.49 at 2019-02-26 22:01:17 +0000
Processing by MoviesController#show as HTML
  Parameters: {"id"=>"6"}
  [1m[36mMovie Load (0.1ms)[0m  [1mSELECT  "movies".* FROM "movies" WHERE "movies"."id" = ? LIMIT 1[0m  [["id", 6]]
  Rendered movies/show.html.haml within layouts/application (2.8ms)
Completed 200 OK in 18ms (Views: 11.1ms | ActiveRecord: 0.5ms)


Started POST "/movies/6/same_director" for 165.91.13.49 at 2019-02-26 22:01:19 +0000

ActionController::RoutingError (No route matches [POST] "/movies/6/same_director"):
  actionpack (4.2.10) lib/action_dispatch/middleware/debug_exceptions.rb:21:in `call'
  actionpack (4.2.10) lib/action_dispatch/middleware/show_exceptions.rb:30:in `call'
  railties (4.2.10) lib/rails/rack/logger.rb:38:in `call_app'
  railties (4.2.10) lib/rails/rack/logger.rb:20:in `block in call'
  activesupport (4.2.10) lib/active_support/tagged_logging.rb:68:in `block in tagged'
  activesupport (4.2.10) lib/active_support/tagged_logging.rb:26:in `tagged'
  activesupport (4.2.10) lib/active_support/tagged_logging.rb:68:in `tagged'
  railties (4.2.10) lib/rails/rack/logger.rb:20:in `call'
  actionpack (4.2.10) lib/action_dispatch/middleware/request_id.rb:21:in `call'
  rack (1.6.10) lib/rack/methodoverride.rb:22:in `call'
  rack (1.6.10) lib/rack/runtime.rb:18:in `call'
  activesupport (4.2.10) lib/active_support/cache/strategy/local_cache_middleware.rb:28:in `call'
  rack (1.6.10) lib/rack/lock.rb:17:in `call'
  actionpack (4.2.10) lib/action_dispatch/middleware/static.rb:120:in `call'
  rack (1.6.10) lib/rack/sendfile.rb:113:in `call'
  railties (4.2.10) lib/rails/engine.rb:518:in `call'
  railties (4.2.10) lib/rails/application.rb:165:in `call'
  rack (1.6.10) lib/rack/lock.rb:17:in `call'
  rack (1.6.10) lib/rack/content_length.rb:15:in `call'
  rack (1.6.10) lib/rack/handler/webrick.rb:88:in `service'
  /home/ec2-user/.rvm/rubies/ruby-2.4.0/lib/ruby/2.4.0/webrick/httpserver.rb:140:in `service'
  /home/ec2-user/.rvm/rubies/ruby-2.4.0/lib/ruby/2.4.0/webrick/httpserver.rb:96:in `run'
  /home/ec2-user/.rvm/rubies/ruby-2.4.0/lib/ruby/2.4.0/webrick/server.rb:290:in `block in start_thread'


  Rendered /home/ec2-user/.rvm/gems/ruby-2.4.0/gems/actionpack-4.2.10/lib/action_dispatch/middleware/templates/rescues/_trace.html.erb (1.1ms)
  Rendered /home/ec2-user/.rvm/gems/ruby-2.4.0/gems/actionpack-4.2.10/lib/action_dispatch/middleware/templates/routes/_route.html.erb (0.8ms)
  Rendered /home/ec2-user/.rvm/gems/ruby-2.4.0/gems/actionpack-4.2.10/lib/action_dispatch/middleware/templates/routes/_table.html.erb (2.7ms)
  Rendered /home/ec2-user/.rvm/gems/ruby-2.4.0/gems/actionpack-4.2.10/lib/action_dispatch/middleware/templates/rescues/_request_and_response.html.erb (1.1ms)
  Rendered /home/ec2-user/.rvm/gems/ruby-2.4.0/gems/actionpack-4.2.10/lib/action_dispatch/middleware/templates/rescues/routing_error.html.erb within rescues/layout (26.9ms)


Started GET "/movies/6" for 165.91.13.49 at 2019-02-26 22:01:52 +0000
Processing by MoviesController#show as HTML
  Parameters: {"id"=>"6"}
  [1m[35mMovie Load (0.1ms)[0m  SELECT  "movies".* FROM "movies" WHERE "movies"."id" = ? LIMIT 1  [["id", 6]]
  Rendered movies/show.html.haml within layouts/application (2.9ms)
Completed 200 OK in 11ms (Views: 10.0ms | ActiveRecord: 0.1ms)


Started GET "/movies/6" for 165.91.13.49 at 2019-02-26 22:01:53 +0000
Processing by MoviesController#show as HTML
  Parameters: {"id"=>"6"}
  [1m[36mMovie Load (0.1ms)[0m  [1mSELECT  "movies".* FROM "movies" WHERE "movies"."id" = ? LIMIT 1[0m  [["id", 6]]
  Rendered movies/show.html.haml within layouts/application (1.0ms)
Completed 200 OK in 9ms (Views: 8.3ms | ActiveRecord: 0.1ms)


Started GET "/movies/6/same_director" for 165.91.13.49 at 2019-02-26 22:02:00 +0000
Processing by MoviesController#same_director as HTML
  Parameters: {"id"=>"6"}
  [1m[35mMovie Load (0.1ms)[0m  SELECT  "movies".* FROM "movies" WHERE "movies"."id" = ? LIMIT 1  [["id", 6]]
Redirected to https://a1febbcd4b3a4a17b1bf764ba52ac3d3.vfs.cloud9.us-east-2.amazonaws.com/movies
Completed 302 Found in 2ms (ActiveRecord: 0.1ms)


Started GET "/movies" for 165.91.13.49 at 2019-02-26 22:02:00 +0000
Processing by MoviesController#index as HTML
Redirected to https://a1febbcd4b3a4a17b1bf764ba52ac3d3.vfs.cloud9.us-east-2.amazonaws.com/movies?ratings%5BG%5D=1&ratings%5BNC-17%5D=1&ratings%5BPG%5D=1&ratings%5BPG-13%5D=1&ratings%5BR%5D=1&sort=title
Completed 302 Found in 1ms (ActiveRecord: 0.0ms)


Started GET "/movies?ratings%5BG%5D=1&ratings%5BNC-17%5D=1&ratings%5BPG%5D=1&ratings%5BPG-13%5D=1&ratings%5BR%5D=1&sort=title" for 165.91.13.49 at 2019-02-26 22:02:00 +0000
Processing by MoviesController#index as HTML
  Parameters: {"ratings"=>{"G"=>"1", "NC-17"=>"1", "PG"=>"1", "PG-13"=>"1", "R"=>"1"}, "sort"=>"title"}
  [1m[36mMovie Load (0.2ms)[0m  [1mSELECT "movies".* FROM "movies" WHERE "movies"."rating" IN ('G', 'NC-17', 'PG', 'PG-13', 'R')  ORDER BY "movies"."title" ASC[0m
  Rendered movies/index.html.haml within layouts/application (4.1ms)
Completed 200 OK in 12ms (Views: 10.9ms | ActiveRecord: 0.2ms)


Started GET "/movies/1" for 165.91.13.49 at 2019-02-26 22:02:36 +0000
Processing by MoviesController#show as HTML
  Parameters: {"id"=>"1"}
  [1m[35mMovie Load (0.1ms)[0m  SELECT  "movies".* FROM "movies" WHERE "movies"."id" = ? LIMIT 1  [["id", 1]]
  Rendered movies/show.html.haml within layouts/application (2.8ms)
Completed 200 OK in 11ms (Views: 9.8ms | ActiveRecord: 0.1ms)


Started GET "/movies/1/same_director" for 165.91.13.49 at 2019-02-26 22:02:36 +0000
Processing by MoviesController#same_director as HTML
  Parameters: {"id"=>"1"}
  [1m[36mMovie Load (0.1ms)[0m  [1mSELECT  "movies".* FROM "movies" WHERE "movies"."id" = ? LIMIT 1[0m  [["id", 1]]
  [1m[35mMovie Load (0.1ms)[0m  SELECT "movies".* FROM "movies" WHERE "movies"."Director" = 'XXA'
  Rendered movies/same_director.html.haml within layouts/application (1.2ms)
Completed 200 OK in 9ms (Views: 8.3ms | ActiveRecord: 0.2ms)


Started GET "/movies?ratings%5BG%5D=1&ratings%5BNC-17%5D=1&ratings%5BPG%5D=1&ratings%5BPG-13%5D=1&ratings%5BR%5D=1&sort=title" for 165.91.13.49 at 2019-02-26 22:04:18 +0000
Processing by MoviesController#index as HTML
  Parameters: {"ratings"=>{"G"=>"1", "NC-17"=>"1", "PG"=>"1", "PG-13"=>"1", "R"=>"1"}, "sort"=>"title"}
  [1m[36mMovie Load (0.3ms)[0m  [1mSELECT "movies".* FROM "movies" WHERE "movies"."rating" IN ('G', 'NC-17', 'PG', 'PG-13', 'R')  ORDER BY "movies"."title" ASC[0m
  Rendered movies/index.html.haml within layouts/application (3.8ms)
Completed 200 OK in 12ms (Views: 10.8ms | ActiveRecord: 0.3ms)


Started GET "/movies/6" for 165.91.13.49 at 2019-02-26 22:04:20 +0000
Processing by MoviesController#show as HTML
  Parameters: {"id"=>"6"}
  [1m[35mMovie Load (0.1ms)[0m  SELECT  "movies".* FROM "movies" WHERE "movies"."id" = ? LIMIT 1  [["id", 6]]
  Rendered movies/show.html.haml within layouts/application (1.0ms)
Completed 200 OK in 9ms (Views: 8.2ms | ActiveRecord: 0.1ms)


Started GET "/movies/6/same_director" for 165.91.13.49 at 2019-02-26 22:04:21 +0000
Processing by MoviesController#same_director as HTML
  Parameters: {"id"=>"6"}
  [1m[36mMovie Load (0.1ms)[0m  [1mSELECT  "movies".* FROM "movies" WHERE "movies"."id" = ? LIMIT 1[0m  [["id", 6]]
Redirected to https://a1febbcd4b3a4a17b1bf764ba52ac3d3.vfs.cloud9.us-east-2.amazonaws.com/movies
Completed 302 Found in 2ms (ActiveRecord: 0.1ms)


Started GET "/movies" for 165.91.13.49 at 2019-02-26 22:04:21 +0000
Processing by MoviesController#index as HTML
Redirected to https://a1febbcd4b3a4a17b1bf764ba52ac3d3.vfs.cloud9.us-east-2.amazonaws.com/movies?ratings%5BG%5D=1&ratings%5BNC-17%5D=1&ratings%5BPG%5D=1&ratings%5BPG-13%5D=1&ratings%5BR%5D=1&sort=title
Completed 302 Found in 1ms (ActiveRecord: 0.0ms)


Started GET "/movies?ratings%5BG%5D=1&ratings%5BNC-17%5D=1&ratings%5BPG%5D=1&ratings%5BPG-13%5D=1&ratings%5BR%5D=1&sort=title" for 165.91.13.49 at 2019-02-26 22:04:22 +0000
Processing by MoviesController#index as HTML
  Parameters: {"ratings"=>{"G"=>"1", "NC-17"=>"1", "PG"=>"1", "PG-13"=>"1", "R"=>"1"}, "sort"=>"title"}
  [1m[35mMovie Load (0.3ms)[0m  SELECT "movies".* FROM "movies" WHERE "movies"."rating" IN ('G', 'NC-17', 'PG', 'PG-13', 'R')  ORDER BY "movies"."title" ASC
  Rendered movies/index.html.haml within layouts/application (3.7ms)
Completed 200 OK in 11ms (Views: 10.4ms | ActiveRecord: 0.3ms)


Started GET "/movies/1" for 165.91.13.49 at 2019-02-26 22:04:24 +0000
Processing by MoviesController#show as HTML
  Parameters: {"id"=>"1"}
  [1m[36mMovie Load (0.1ms)[0m  [1mSELECT  "movies".* FROM "movies" WHERE "movies"."id" = ? LIMIT 1[0m  [["id", 1]]
  Rendered movies/show.html.haml within layouts/application (1.0ms)
Completed 200 OK in 9ms (Views: 8.6ms | ActiveRecord: 0.1ms)


Started GET "/movies/1/same_director" for 165.91.13.49 at 2019-02-26 22:04:24 +0000
Processing by MoviesController#same_director as HTML
  Parameters: {"id"=>"1"}
  [1m[35mMovie Load (0.1ms)[0m  SELECT  "movies".* FROM "movies" WHERE "movies"."id" = ? LIMIT 1  [["id", 1]]
  [1m[36mMovie Load (0.1ms)[0m  [1mSELECT "movies".* FROM "movies" WHERE "movies"."Director" = 'XXA'[0m
  Rendered movies/same_director.html.haml within layouts/application (2.8ms)
Completed 200 OK in 11ms (Views: 9.8ms | ActiveRecord: 0.2ms)


Started GET "/movies" for 165.91.13.49 at 2019-02-26 22:04:27 +0000
Processing by MoviesController#index as HTML
Redirected to https://a1febbcd4b3a4a17b1bf764ba52ac3d3.vfs.cloud9.us-east-2.amazonaws.com/movies?ratings%5BG%5D=1&ratings%5BNC-17%5D=1&ratings%5BPG%5D=1&ratings%5BPG-13%5D=1&ratings%5BR%5D=1&sort=title
Completed 302 Found in 1ms (ActiveRecord: 0.0ms)


Started GET "/movies?ratings%5BG%5D=1&ratings%5BNC-17%5D=1&ratings%5BPG%5D=1&ratings%5BPG-13%5D=1&ratings%5BR%5D=1&sort=title" for 165.91.13.49 at 2019-02-26 22:04:27 +0000
Processing by MoviesController#index as HTML
  Parameters: {"ratings"=>{"G"=>"1", "NC-17"=>"1", "PG"=>"1", "PG-13"=>"1", "R"=>"1"}, "sort"=>"title"}
  [1m[35mMovie Load (0.3ms)[0m  SELECT "movies".* FROM "movies" WHERE "movies"."rating" IN ('G', 'NC-17', 'PG', 'PG-13', 'R')  ORDER BY "movies"."title" ASC
  Rendered movies/index.html.haml within layouts/application (3.9ms)
Completed 200 OK in 12ms (Views: 10.7ms | ActiveRecord: 0.3ms)


Started GET "/movies/1" for 165.91.13.49 at 2019-02-26 22:04:28 +0000
Processing by MoviesController#show as HTML
  Parameters: {"id"=>"1"}
  [1m[36mMovie Load (0.1ms)[0m  [1mSELECT  "movies".* FROM "movies" WHERE "movies"."id" = ? LIMIT 1[0m  [["id", 1]]
  Rendered movies/show.html.haml within layouts/application (0.9ms)
Completed 200 OK in 9ms (Views: 7.9ms | ActiveRecord: 0.1ms)


Started GET "/movies/1/same_director" for 165.91.13.49 at 2019-02-26 22:04:29 +0000
Processing by MoviesController#same_director as HTML
  Parameters: {"id"=>"1"}
  [1m[35mMovie Load (0.1ms)[0m  SELECT  "movies".* FROM "movies" WHERE "movies"."id" = ? LIMIT 1  [["id", 1]]
  [1m[36mMovie Load (0.1ms)[0m  [1mSELECT "movies".* FROM "movies" WHERE "movies"."Director" = 'XXA'[0m
  Rendered movies/same_director.html.haml within layouts/application (1.2ms)
Completed 200 OK in 9ms (Views: 8.2ms | ActiveRecord: 0.2ms)


Started GET "/movies/1" for 165.91.13.49 at 2019-02-26 22:04:30 +0000
Processing by MoviesController#show as HTML
  Parameters: {"id"=>"1"}
  [1m[35mMovie Load (0.1ms)[0m  SELECT  "movies".* FROM "movies" WHERE "movies"."id" = ? LIMIT 1  [["id", 1]]
  Rendered movies/show.html.haml within layouts/application (1.0ms)
Completed 200 OK in 9ms (Views: 7.8ms | ActiveRecord: 0.1ms)


Started GET "/movies/1/same_director" for 165.91.13.49 at 2019-02-26 22:12:28 +0000
Processing by MoviesController#same_director as HTML
  Parameters: {"id"=>"1"}
  [1m[36mMovie Load (0.1ms)[0m  [1mSELECT  "movies".* FROM "movies" WHERE "movies"."id" = ? LIMIT 1[0m  [["id", 1]]
  [1m[35mMovie Load (0.2ms)[0m  SELECT "movies".* FROM "movies" WHERE "movies"."Director" = 'XXA'
  Rendered movies/same_director.html.haml within layouts/application (4.6ms)
Completed 200 OK in 209ms (Views: 180.2ms | ActiveRecord: 1.5ms)


Started GET "/movies" for 165.91.13.49 at 2019-02-26 22:12:34 +0000
Processing by MoviesController#index as HTML
Redirected to https://a1febbcd4b3a4a17b1bf764ba52ac3d3.vfs.cloud9.us-east-2.amazonaws.com/movies?ratings%5BG%5D=1&ratings%5BNC-17%5D=1&ratings%5BPG%5D=1&ratings%5BPG-13%5D=1&ratings%5BR%5D=1&sort=title
Completed 302 Found in 1ms (ActiveRecord: 0.0ms)


Started GET "/movies?ratings%5BG%5D=1&ratings%5BNC-17%5D=1&ratings%5BPG%5D=1&ratings%5BPG-13%5D=1&ratings%5BR%5D=1&sort=title" for 165.91.13.49 at 2019-02-26 22:12:34 +0000
Processing by MoviesController#index as HTML
  Parameters: {"ratings"=>{"G"=>"1", "NC-17"=>"1", "PG"=>"1", "PG-13"=>"1", "R"=>"1"}, "sort"=>"title"}
  [1m[36mMovie Load (0.2ms)[0m  [1mSELECT "movies".* FROM "movies" WHERE "movies"."rating" IN ('G', 'NC-17', 'PG', 'PG-13', 'R')  ORDER BY "movies"."title" ASC[0m
  Rendered movies/index.html.haml within layouts/application (7.2ms)
Completed 200 OK in 31ms (Views: 29.8ms | ActiveRecord: 0.2ms)


Started GET "/movies/7" for 165.91.13.49 at 2019-02-26 22:12:36 +0000
Processing by MoviesController#show as HTML
  Parameters: {"id"=>"7"}
  [1m[35mMovie Load (0.1ms)[0m  SELECT  "movies".* FROM "movies" WHERE "movies"."id" = ? LIMIT 1  [["id", 7]]
  Rendered movies/show.html.haml within layouts/application (2.6ms)
Completed 200 OK in 10ms (Views: 9.1ms | ActiveRecord: 0.1ms)


Started GET "/movies/7/same_director" for 165.91.13.49 at 2019-02-26 22:12:39 +0000
Processing by MoviesController#same_director as HTML
  Parameters: {"id"=>"7"}
  [1m[36mMovie Load (0.1ms)[0m  [1mSELECT  "movies".* FROM "movies" WHERE "movies"."id" = ? LIMIT 1[0m  [["id", 7]]
Redirected to https://a1febbcd4b3a4a17b1bf764ba52ac3d3.vfs.cloud9.us-east-2.amazonaws.com/movies
Completed 302 Found in 2ms (ActiveRecord: 0.1ms)


Started GET "/movies" for 165.91.13.49 at 2019-02-26 22:12:39 +0000
Processing by MoviesController#index as HTML
Redirected to https://a1febbcd4b3a4a17b1bf764ba52ac3d3.vfs.cloud9.us-east-2.amazonaws.com/movies?ratings%5BG%5D=1&ratings%5BNC-17%5D=1&ratings%5BPG%5D=1&ratings%5BPG-13%5D=1&ratings%5BR%5D=1&sort=title
Completed 302 Found in 1ms (ActiveRecord: 0.0ms)


Started GET "/movies?ratings%5BG%5D=1&ratings%5BNC-17%5D=1&ratings%5BPG%5D=1&ratings%5BPG-13%5D=1&ratings%5BR%5D=1&sort=title" for 165.91.13.49 at 2019-02-26 22:12:39 +0000
Processing by MoviesController#index as HTML
  Parameters: {"ratings"=>{"G"=>"1", "NC-17"=>"1", "PG"=>"1", "PG-13"=>"1", "R"=>"1"}, "sort"=>"title"}
  [1m[35mMovie Load (0.2ms)[0m  SELECT "movies".* FROM "movies" WHERE "movies"."rating" IN ('G', 'NC-17', 'PG', 'PG-13', 'R')  ORDER BY "movies"."title" ASC
  Rendered movies/index.html.haml within layouts/application (3.6ms)
Completed 200 OK in 11ms (Views: 9.9ms | ActiveRecord: 0.2ms)


Started GET "/" for 165.91.12.56 at 2019-03-07 21:15:26 +0000


Started GET "/movies" for 165.91.12.56 at 2019-03-07 21:15:26 +0000
Processing by MoviesController#index as HTML
  [1m[36mMovie Load (0.2ms)[0m  [1mSELECT "movies".* FROM "movies" WHERE "movies"."rating" IN ('G', 'PG', 'PG-13', 'NC-17', 'R')[0m
  Rendered movies/index.html.haml within layouts/application (16.1ms)
Completed 200 OK in 229ms (Views: 198.7ms | ActiveRecord: 1.4ms)


Started GET "/assets/application.self-6f9b50b1298248f9ffdfe129ec4b3e377026ffe33aae3e37ecbf3da21d69be77.css?body=1" for 165.91.12.56 at 2019-03-07 21:15:26 +0000


Started GET "/assets/application.self-ac4347b135ab8935f2dd20089f2acc8bec1d6b2ad528a80fcb03cd445dbd4d27.js?body=1" for 165.91.12.56 at 2019-03-07 21:15:26 +0000


Started GET "/assets/jquery_ujs.self-e87806d0cf4489aeb1bb7288016024e8de67fd18db693fe026fe3907581e53cd.js?body=1" for 165.91.12.56 at 2019-03-07 21:15:26 +0000


Started GET "/assets/jquery.self-660adc51e0224b731d29f575a6f1ec167ba08ad06ed5deca4f1e8654c135bf4c.js?body=1" for 165.91.12.56 at 2019-03-07 21:15:26 +0000


Started GET "/movies/1" for 165.91.12.56 at 2019-03-07 21:15:32 +0000
Processing by MoviesController#show as HTML
  Parameters: {"id"=>"1"}
  [1m[35mMovie Load (0.2ms)[0m  SELECT  "movies".* FROM "movies" WHERE "movies"."id" = ? LIMIT 1  [["id", 1]]
  Rendered movies/show.html.haml within layouts/application (2.4ms)
Completed 200 OK in 11ms (Views: 9.0ms | ActiveRecord: 0.2ms)


Started GET "/movies/1/edit" for 165.91.12.56 at 2019-03-07 21:15:34 +0000
Processing by MoviesController#edit as HTML
  Parameters: {"id"=>"1"}
  [1m[36mMovie Load (0.1ms)[0m  [1mSELECT  "movies".* FROM "movies" WHERE "movies"."id" = ? LIMIT 1[0m  [["id", 1]]
  Rendered movies/edit.html.haml within layouts/application (10.0ms)
Completed 200 OK in 18ms (Views: 17.2ms | ActiveRecord: 0.1ms)


Started GET "/movies/4" for 165.91.12.56 at 2019-03-07 21:15:44 +0000
Processing by MoviesController#show as HTML
  Parameters: {"id"=>"4"}
  [1m[35mMovie Load (0.1ms)[0m  SELECT  "movies".* FROM "movies" WHERE "movies"."id" = ? LIMIT 1  [["id", 4]]
  Rendered movies/show.html.haml within layouts/application (0.9ms)
Completed 200 OK in 8ms (Views: 7.6ms | ActiveRecord: 0.1ms)


Started GET "/movies/4/edit" for 165.91.12.56 at 2019-03-07 21:15:45 +0000
Processing by MoviesController#edit as HTML
  Parameters: {"id"=>"4"}
  [1m[36mMovie Load (0.1ms)[0m  [1mSELECT  "movies".* FROM "movies" WHERE "movies"."id" = ? LIMIT 1[0m  [["id", 4]]
  Rendered movies/edit.html.haml within layouts/application (2.6ms)
Completed 200 OK in 10ms (Views: 9.2ms | ActiveRecord: 0.1ms)


Started PUT "/movies/4" for 165.91.12.56 at 2019-03-07 21:15:49 +0000
Processing by MoviesController#update as HTML
  Parameters: {"utf8"=>"✓", "authenticity_token"=>"yw9TW4oDUVcC+BgzlVHmduwCkb8jbPZmQGssjA2qDARXNnJ8Ot/7ig5Q6zrMT/IZSg2XoXfQChD3bzl2u/ETeA==", "movie"=>{"title"=>"The Help", "rating"=>"PG-13", "release_date(1i)"=>"2011", "release_date(2i)"=>"8", "release_date(3i)"=>"10", "director"=>"XX"}, "commit"=>"Update Movie Info", "id"=>"4"}
  [1m[35mMovie Load (0.1ms)[0m  SELECT  "movies".* FROM "movies" WHERE "movies"."id" = ? LIMIT 1  [["id", 4]]
  [1m[36m (0.1ms)[0m  [1mbegin transaction[0m
  [1m[35mSQL (0.2ms)[0m  UPDATE "movies" SET "director" = ?, "updated_at" = ? WHERE "movies"."id" = ?  [["director", "XX"], ["updated_at", "2019-03-07 21:15:49.719316"], ["id", 4]]
  [1m[36m (5.8ms)[0m  [1mcommit transaction[0m
Redirected to https://a1febbcd4b3a4a17b1bf764ba52ac3d3.vfs.cloud9.us-east-2.amazonaws.com/movies/4
Completed 302 Found in 11ms (ActiveRecord: 6.2ms)


Started GET "/movies/4" for 165.91.12.56 at 2019-03-07 21:15:49 +0000
Processing by MoviesController#show as HTML
  Parameters: {"id"=>"4"}
  [1m[35mMovie Load (0.1ms)[0m  SELECT  "movies".* FROM "movies" WHERE "movies"."id" = ? LIMIT 1  [["id", 4]]
  Rendered movies/show.html.haml within layouts/application (1.0ms)
Completed 200 OK in 8ms (Views: 7.4ms | ActiveRecord: 0.1ms)


Started GET "/movies" for 165.91.12.56 at 2019-03-07 21:15:52 +0000
Processing by MoviesController#index as HTML
  [1m[36mMovie Load (0.2ms)[0m  [1mSELECT "movies".* FROM "movies" WHERE "movies"."rating" IN ('G', 'PG', 'PG-13', 'NC-17', 'R')[0m
  Rendered movies/index.html.haml within layouts/application (3.6ms)
Completed 200 OK in 11ms (Views: 10.3ms | ActiveRecord: 0.2ms)


Started GET "/movies/1" for 165.91.12.56 at 2019-03-07 21:15:56 +0000
Processing by MoviesController#show as HTML
  Parameters: {"id"=>"1"}
  [1m[35mMovie Load (0.1ms)[0m  SELECT  "movies".* FROM "movies" WHERE "movies"."id" = ? LIMIT 1  [["id", 1]]
  Rendered movies/show.html.haml within layouts/application (1.0ms)
Completed 200 OK in 9ms (Views: 7.6ms | ActiveRecord: 0.1ms)


Started GET "/movies/1/same_director" for 165.91.12.56 at 2019-03-07 21:15:57 +0000
Processing by MoviesController#same_director as HTML
  Parameters: {"id"=>"1"}
  [1m[36mMovie Load (0.1ms)[0m  [1mSELECT  "movies".* FROM "movies" WHERE "movies"."id" = ? LIMIT 1[0m  [["id", 1]]
  [1m[35mMovie Load (0.2ms)[0m  SELECT "movies".* FROM "movies" WHERE "movies"."Director" = 'XXA'
  Rendered movies/same_director.html.haml within layouts/application (2.8ms)
Completed 200 OK in 11ms (Views: 9.7ms | ActiveRecord: 0.3ms)


Started GET "/movies" for 165.91.12.56 at 2019-03-07 21:17:24 +0000
Processing by MoviesController#index as HTML
  [1m[36mMovie Load (0.2ms)[0m  [1mSELECT "movies".* FROM "movies" WHERE "movies"."rating" IN ('G', 'PG', 'PG-13', 'NC-17', 'R')[0m
  Rendered movies/index.html.haml within layouts/application (5.9ms)
Completed 200 OK in 13ms (Views: 12.5ms | ActiveRecord: 0.2ms)


Started GET "/movies" for 165.91.12.56 at 2019-03-07 21:17:25 +0000
Processing by MoviesController#index as HTML
  [1m[35mMovie Load (0.2ms)[0m  SELECT "movies".* FROM "movies" WHERE "movies"."rating" IN ('G', 'PG', 'PG-13', 'NC-17', 'R')
  Rendered movies/index.html.haml within layouts/application (3.5ms)
Completed 200 OK in 11ms (Views: 10.1ms | ActiveRecord: 0.2ms)


Started GET "/" for 165.91.12.56 at 2019-03-07 21:35:48 +0000

ActiveRecord::ConnectionNotEstablished (No connection pool for ActiveRecord::Base):
  activerecord (4.2.10) lib/active_record/connection_adapters/abstract/connection_pool.rb:570:in `retrieve_connection'
  activerecord (4.2.10) lib/active_record/connection_handling.rb:113:in `retrieve_connection'
  activerecord (4.2.10) lib/active_record/connection_handling.rb:87:in `connection'
  activerecord (4.2.10) lib/active_record/query_cache.rb:51:in `restore_query_cache_settings'
  activerecord (4.2.10) lib/active_record/query_cache.rb:43:in `rescue in call'
  activerecord (4.2.10) lib/active_record/query_cache.rb:31:in `call'
  activerecord (4.2.10) lib/active_record/connection_adapters/abstract/connection_pool.rb:653:in `call'
  actionpack (4.2.10) lib/action_dispatch/middleware/callbacks.rb:29:in `block in call'
  activesupport (4.2.10) lib/active_support/callbacks.rb:88:in `__run_callbacks__'
  activesupport (4.2.10) lib/active_support/callbacks.rb:778:in `_run_call_callbacks'
  activesupport (4.2.10) lib/active_support/callbacks.rb:81:in `run_callbacks'
  actionpack (4.2.10) lib/action_dispatch/middleware/callbacks.rb:27:in `call'
  actionpack (4.2.10) lib/action_dispatch/middleware/reloader.rb:73:in `call'
  actionpack (4.2.10) lib/action_dispatch/middleware/remote_ip.rb:78:in `call'
  actionpack (4.2.10) lib/action_dispatch/middleware/debug_exceptions.rb:17:in `call'
  actionpack (4.2.10) lib/action_dispatch/middleware/show_exceptions.rb:30:in `call'
  railties (4.2.10) lib/rails/rack/logger.rb:38:in `call_app'
  railties (4.2.10) lib/rails/rack/logger.rb:20:in `block in call'
  activesupport (4.2.10) lib/active_support/tagged_logging.rb:68:in `block in tagged'
  activesupport (4.2.10) lib/active_support/tagged_logging.rb:26:in `tagged'
  activesupport (4.2.10) lib/active_support/tagged_logging.rb:68:in `tagged'
  railties (4.2.10) lib/rails/rack/logger.rb:20:in `call'
  actionpack (4.2.10) lib/action_dispatch/middleware/request_id.rb:21:in `call'
  rack (1.6.10) lib/rack/methodoverride.rb:22:in `call'
  rack (1.6.10) lib/rack/runtime.rb:18:in `call'
  activesupport (4.2.10) lib/active_support/cache/strategy/local_cache_middleware.rb:28:in `call'
  rack (1.6.10) lib/rack/lock.rb:17:in `call'
  actionpack (4.2.10) lib/action_dispatch/middleware/static.rb:120:in `call'
  rack (1.6.10) lib/rack/sendfile.rb:113:in `call'
  railties (4.2.10) lib/rails/engine.rb:518:in `call'
  railties (4.2.10) lib/rails/application.rb:165:in `call'
  rack (1.6.10) lib/rack/lock.rb:17:in `call'
  rack (1.6.10) lib/rack/content_length.rb:15:in `call'
  rack (1.6.10) lib/rack/handler/webrick.rb:88:in `service'
  /home/ec2-user/.rvm/rubies/ruby-2.4.0/lib/ruby/2.4.0/webrick/httpserver.rb:140:in `service'
  /home/ec2-user/.rvm/rubies/ruby-2.4.0/lib/ruby/2.4.0/webrick/httpserver.rb:96:in `run'
  /home/ec2-user/.rvm/rubies/ruby-2.4.0/lib/ruby/2.4.0/webrick/server.rb:290:in `block in start_thread'


  Rendered /home/ec2-user/.rvm/gems/ruby-2.4.0/gems/actionpack-4.2.10/lib/action_dispatch/middleware/templates/rescues/_source.erb (2.1ms)
  Rendered /home/ec2-user/.rvm/gems/ruby-2.4.0/gems/actionpack-4.2.10/lib/action_dispatch/middleware/templates/rescues/_trace.html.erb (1.4ms)
  Rendered /home/ec2-user/.rvm/gems/ruby-2.4.0/gems/actionpack-4.2.10/lib/action_dispatch/middleware/templates/rescues/_request_and_response.html.erb (0.6ms)
  Rendered /home/ec2-user/.rvm/gems/ruby-2.4.0/gems/actionpack-4.2.10/lib/action_dispatch/middleware/templates/rescues/diagnostics.html.erb within rescues/layout (20.5ms)


Started GET "/" for 165.91.12.56 at 2019-03-07 21:36:12 +0000


Started GET "/movies" for 165.91.12.56 at 2019-03-07 21:36:13 +0000
Processing by MoviesController#index as HTML
  [1m[36mMovie Load (0.7ms)[0m  [1mSELECT "movies".* FROM "movies" WHERE "movies"."rating" IN ('G', 'PG', 'PG-13', 'NC-17', 'R')[0m
  Rendered movies/index.html.haml within layouts/application (16.3ms)
Completed 200 OK in 221ms (Views: 189.7ms | ActiveRecord: 1.9ms)


Started GET "/movies/2" for 165.91.12.56 at 2019-03-07 21:36:20 +0000
Processing by MoviesController#show as HTML
  Parameters: {"id"=>"2"}
  [1m[35mMovie Load (0.2ms)[0m  SELECT  "movies".* FROM "movies" WHERE "movies"."id" = ? LIMIT 1  [["id", 2]]
  Rendered movies/show.html.haml within layouts/application (2.5ms)
Completed 200 OK in 11ms (Views: 9.3ms | ActiveRecord: 0.2ms)


Started GET "/" for 165.91.12.56 at 2019-03-07 21:37:06 +0000


Started GET "/movies" for 165.91.12.56 at 2019-03-07 21:37:07 +0000
Processing by MoviesController#index as HTML
  [1m[36mMovie Load (0.2ms)[0m  [1mSELECT "movies".* FROM "movies" WHERE "movies"."rating" IN ('G', 'PG', 'PG-13', 'NC-17', 'R')[0m
  Rendered movies/index.html.haml within layouts/application (28.3ms)
Completed 200 OK in 197ms (Views: 165.6ms | ActiveRecord: 1.4ms)


Started GET "/" for 165.91.12.56 at 2019-03-07 21:47:05 +0000


Started GET "/movies" for 165.91.12.56 at 2019-03-07 21:47:05 +0000
Processing by MoviesController#index as HTML
  [1m[36mMovie Load (0.2ms)[0m  [1mSELECT "movies".* FROM "movies" WHERE "movies"."rating" IN ('G', 'PG', 'PG-13', 'NC-17', 'R')[0m
  Rendered movies/index.html.haml within layouts/application (19.0ms)
Completed 200 OK in 208ms (Views: 181.0ms | ActiveRecord: 1.3ms)


Started GET "/movies/4" for 165.91.12.56 at 2019-03-07 21:47:07 +0000
Processing by MoviesController#show as HTML
  Parameters: {"id"=>"4"}
  [1m[35mMovie Load (0.2ms)[0m  SELECT  "movies".* FROM "movies" WHERE "movies"."id" = ? LIMIT 1  [["id", 4]]
  Rendered movies/show.html.haml within layouts/application (2.5ms)
Completed 200 OK in 12ms (Views: 9.4ms | ActiveRecord: 0.2ms)


Started GET "/movies/4/same_director" for 165.91.12.56 at 2019-03-07 21:47:08 +0000
Processing by MoviesController#same_director as HTML
  Parameters: {"id"=>"4"}
  [1m[36mMovie Load (0.1ms)[0m  [1mSELECT  "movies".* FROM "movies" WHERE "movies"."id" = ? LIMIT 1[0m  [["id", 4]]
  [1m[35mMovie Load (0.1ms)[0m  SELECT "movies".* FROM "movies" WHERE "movies"."Director" = 'XX'
  Rendered movies/same_director.html.haml within layouts/application (2.8ms)
Completed 200 OK in 11ms (Views: 9.9ms | ActiveRecord: 0.2ms)


Started GET "/movies/4/same_director" for 165.91.12.56 at 2019-03-07 21:47:19 +0000
Processing by MoviesController#same_director as HTML
  Parameters: {"id"=>"4"}
  [1m[36mMovie Load (0.1ms)[0m  [1mSELECT  "movies".* FROM "movies" WHERE "movies"."id" = ? LIMIT 1[0m  [["id", 4]]
  [1m[35mMovie Load (0.1ms)[0m  SELECT "movies".* FROM "movies" WHERE "movies"."Director" = 'XX'
  Rendered movies/same_director.html.haml within layouts/application (1.1ms)
Completed 200 OK in 9ms (Views: 7.9ms | ActiveRecord: 0.2ms)


Started GET "/movies" for 165.91.12.56 at 2019-03-07 21:47:20 +0000
Processing by MoviesController#index as HTML
  [1m[36mMovie Load (0.2ms)[0m  [1mSELECT "movies".* FROM "movies" WHERE "movies"."rating" IN ('G', 'PG', 'PG-13', 'NC-17', 'R')[0m
  Rendered movies/index.html.haml within layouts/application (3.6ms)
Completed 200 OK in 11ms (Views: 10.3ms | ActiveRecord: 0.2ms)


Started GET "/movies" for 165.91.12.56 at 2019-03-07 21:47:21 +0000
Processing by MoviesController#index as HTML
  [1m[35mMovie Load (0.2ms)[0m  SELECT "movies".* FROM "movies" WHERE "movies"."rating" IN ('G', 'PG', 'PG-13', 'NC-17', 'R')
  Rendered movies/index.html.haml within layouts/application (3.5ms)
Completed 200 OK in 11ms (Views: 10.1ms | ActiveRecord: 0.2ms)


Started GET "/movies/4" for 165.91.12.56 at 2019-03-07 21:47:32 +0000
Processing by MoviesController#show as HTML
  Parameters: {"id"=>"4"}
  [1m[36mMovie Load (0.1ms)[0m  [1mSELECT  "movies".* FROM "movies" WHERE "movies"."id" = ? LIMIT 1[0m  [["id", 4]]
  Rendered movies/show.html.haml within layouts/application (0.9ms)
Completed 200 OK in 8ms (Views: 7.5ms | ActiveRecord: 0.1ms)


Started GET "/movies/4/same_director" for 165.91.12.56 at 2019-03-07 21:47:33 +0000
Processing by MoviesController#same_director as HTML
  Parameters: {"id"=>"4"}
  [1m[35mMovie Load (0.1ms)[0m  SELECT  "movies".* FROM "movies" WHERE "movies"."id" = ? LIMIT 1  [["id", 4]]
  [1m[36mMovie Load (0.1ms)[0m  [1mSELECT "movies".* FROM "movies" WHERE "movies"."Director" = 'XX'[0m
  Rendered movies/same_director.html.haml within layouts/application (1.2ms)
Completed 200 OK in 9ms (Views: 8.0ms | ActiveRecord: 0.2ms)
